[INFO  - 2020-04-01T10:20:31.757Z] GhostDriver - Main - running on port 9327
[INFO  - 2020-04-01T10:20:32.032Z] Session [6ae3c4d0-7402-11ea-a4db-795abe09a872] - page.settings - {"XSSAuditingEnabled":false,"javascriptCanCloseWindows":true,"javascriptCanOpenWindows":true,"javascriptEnabled":true,"loadImages":true,"localToRemoteUrlAccessEnabled":false,"userAgent":"Mozilla/5.0 (Unknown; Linux x86_64) AppleWebKit/538.1 (KHTML, like Gecko) PhantomJS/2.1.1 Safari/538.1","webSecurityEnabled":true}
[INFO  - 2020-04-01T10:20:32.032Z] Session [6ae3c4d0-7402-11ea-a4db-795abe09a872] - page.customHeaders:  - {}
[INFO  - 2020-04-01T10:20:32.033Z] Session [6ae3c4d0-7402-11ea-a4db-795abe09a872] - Session.negotiatedCapabilities - {"browserName":"phantomjs","version":"2.1.1","driverName":"ghostdriver","driverVersion":"1.2.0","platform":"linux-unknown-64bit","javascriptEnabled":true,"takesScreenshot":true,"handlesAlerts":false,"databaseEnabled":false,"locationContextEnabled":false,"applicationCacheEnabled":false,"browserConnectionEnabled":false,"cssSelectorsEnabled":true,"webStorageEnabled":false,"rotatable":false,"acceptSslCerts":false,"nativeEvents":true,"proxy":{"proxyType":"direct"}}
[INFO  - 2020-04-01T10:20:32.033Z] SessionManagerReqHand - _postNewSessionCommand - New Session Created: 6ae3c4d0-7402-11ea-a4db-795abe09a872
[ERROR - 2020-04-01T10:20:37.421Z] Session [6ae3c4d0-7402-11ea-a4db-795abe09a872] - page.onError - msg: TypeError: Attempting to configurable attribute of unconfigurable property.
[ERROR - 2020-04-01T10:20:37.421Z] Session [6ae3c4d0-7402-11ea-a4db-795abe09a872] - page.onError - stack:
  defineProperty (https://batdongsan.api.useinsider.com/ins.js?id=10002512:1)
  handler (https://batdongsan.api.useinsider.com/ins.js?id=10002512:1)
  dispatchEvent (:0)
  dispatch (https://batdongsan.api.useinsider.com/ins.js?id=10002512:1)
  (anonymous function) (https://batdongsan.api.useinsider.com/ins.js?id=10002512:1)
  getUserEventData (https://batdongsan.api.useinsider.com/ins.js?id=10002512:1)
  (anonymous function) (https://batdongsan.api.useinsider.com/ins.js?id=10002512:1)
  _sendRequests (https://batdongsan.api.useinsider.com/ins.js?id=10002512:1)
  (anonymous function) (https://batdongsan.api.useinsider.com/ins.js?id=10002512:1)
  unifyUser (https://batdongsan.api.useinsider.com/ins.js?id=10002512:1)
  (anonymous function) (https://batdongsan.api.useinsider.com/ins.js?id=10002512:1)
  initialize (https://batdongsan.api.useinsider.com/ins.js?id=10002512:1)
  (anonymous function) (https://batdongsan.api.useinsider.com/ins.js?id=10002512:1)
  initializeHitAPI (https://batdongsan.api.useinsider.com/ins.js?id=10002512:1)
  (anonymous function) (https://batdongsan.api.useinsider.com/ins.js?id=10002512:1)
  (anonymous function) (:0)
  (anonymous function) (https://batdongsan.api.useinsider.com/ins.js?id=10002512:1)
  (anonymous function) (:0)
  (anonymous function) (https://batdongsan.api.useinsider.com/ins.js?id=10002512:1)
  (anonymous function) (:0)
[ERROR - 2020-04-01T10:20:37.430Z] Session [6ae3c4d0-7402-11ea-a4db-795abe09a872] - page.onError - msg: TypeError: Attempting to configurable attribute of unconfigurable property.
[ERROR - 2020-04-01T10:20:37.430Z] Session [6ae3c4d0-7402-11ea-a4db-795abe09a872] - page.onError - stack:
  defineProperty (https://batdongsan.api.useinsider.com/ins.js?id=10002512:1)
  handler (https://batdongsan.api.useinsider.com/ins.js?id=10002512:1)
  dispatchEvent (:0)
  dispatch (https://batdongsan.api.useinsider.com/ins.js?id=10002512:1)
  (anonymous function) (https://batdongsan.api.useinsider.com/ins.js?id=10002512:1)
  (anonymous function) (https://batdongsan.api.useinsider.com/ins.js?id=10002512:1)
[INFO  - 2020-04-01T10:21:04.532Z] GhostDriver - Main - running on port 2984
[INFO  - 2020-04-01T10:21:04.756Z] Session [7e64bff0-7402-11ea-81f7-3db0a6f8500e] - page.settings - {"XSSAuditingEnabled":false,"javascriptCanCloseWindows":true,"javascriptCanOpenWindows":true,"javascriptEnabled":true,"loadImages":true,"localToRemoteUrlAccessEnabled":false,"userAgent":"Mozilla/5.0 (Unknown; Linux x86_64) AppleWebKit/538.1 (KHTML, like Gecko) PhantomJS/2.1.1 Safari/538.1","webSecurityEnabled":true}
[INFO  - 2020-04-01T10:21:04.756Z] Session [7e64bff0-7402-11ea-81f7-3db0a6f8500e] - page.customHeaders:  - {}
[INFO  - 2020-04-01T10:21:04.756Z] Session [7e64bff0-7402-11ea-81f7-3db0a6f8500e] - Session.negotiatedCapabilities - {"browserName":"phantomjs","version":"2.1.1","driverName":"ghostdriver","driverVersion":"1.2.0","platform":"linux-unknown-64bit","javascriptEnabled":true,"takesScreenshot":true,"handlesAlerts":false,"databaseEnabled":false,"locationContextEnabled":false,"applicationCacheEnabled":false,"browserConnectionEnabled":false,"cssSelectorsEnabled":true,"webStorageEnabled":false,"rotatable":false,"acceptSslCerts":false,"nativeEvents":true,"proxy":{"proxyType":"direct"}}
[INFO  - 2020-04-01T10:21:04.756Z] SessionManagerReqHand - _postNewSessionCommand - New Session Created: 7e64bff0-7402-11ea-81f7-3db0a6f8500e
[INFO  - 2020-04-01T10:25:31.756Z] SessionManagerReqHand - _cleanupWindowlessSessions - Asynchronous Sessions clean-up phase starting NOW
[INFO  - 2020-04-01T10:26:04.540Z] SessionManagerReqHand - _cleanupWindowlessSessions - Asynchronous Sessions clean-up phase starting NOW
[INFO  - 2020-04-01T10:26:47.353Z] GhostDriver - Main - running on port 3867
[INFO  - 2020-04-01T10:26:47.556Z] Session [4ab82f10-7403-11ea-a2b1-a95bc5e6147b] - page.settings - {"XSSAuditingEnabled":false,"javascriptCanCloseWindows":true,"javascriptCanOpenWindows":true,"javascriptEnabled":true,"loadImages":true,"localToRemoteUrlAccessEnabled":false,"userAgent":"Mozilla/5.0 (Unknown; Linux x86_64) AppleWebKit/538.1 (KHTML, like Gecko) PhantomJS/2.1.1 Safari/538.1","webSecurityEnabled":true}
[INFO  - 2020-04-01T10:26:47.556Z] Session [4ab82f10-7403-11ea-a2b1-a95bc5e6147b] - page.customHeaders:  - {}
[INFO  - 2020-04-01T10:26:47.557Z] Session [4ab82f10-7403-11ea-a2b1-a95bc5e6147b] - Session.negotiatedCapabilities - {"browserName":"phantomjs","version":"2.1.1","driverName":"ghostdriver","driverVersion":"1.2.0","platform":"linux-unknown-64bit","javascriptEnabled":true,"takesScreenshot":true,"handlesAlerts":false,"databaseEnabled":false,"locationContextEnabled":false,"applicationCacheEnabled":false,"browserConnectionEnabled":false,"cssSelectorsEnabled":true,"webStorageEnabled":false,"rotatable":false,"acceptSslCerts":false,"nativeEvents":true,"proxy":{"proxyType":"direct"}}
[INFO  - 2020-04-01T10:26:47.557Z] SessionManagerReqHand - _postNewSessionCommand - New Session Created: 4ab82f10-7403-11ea-a2b1-a95bc5e6147b
[INFO  - 2020-04-01T10:28:37.158Z] GhostDriver - Main - running on port 3645
[INFO  - 2020-04-01T10:28:37.378Z] Session [8c2d3bc0-7403-11ea-ae53-51943e504a27] - page.settings - {"XSSAuditingEnabled":false,"javascriptCanCloseWindows":true,"javascriptCanOpenWindows":true,"javascriptEnabled":true,"loadImages":true,"localToRemoteUrlAccessEnabled":false,"userAgent":"Mozilla/5.0 (Unknown; Linux x86_64) AppleWebKit/538.1 (KHTML, like Gecko) PhantomJS/2.1.1 Safari/538.1","webSecurityEnabled":true}
[INFO  - 2020-04-01T10:28:37.378Z] Session [8c2d3bc0-7403-11ea-ae53-51943e504a27] - page.customHeaders:  - {}
[INFO  - 2020-04-01T10:28:37.379Z] Session [8c2d3bc0-7403-11ea-ae53-51943e504a27] - Session.negotiatedCapabilities - {"browserName":"phantomjs","version":"2.1.1","driverName":"ghostdriver","driverVersion":"1.2.0","platform":"linux-unknown-64bit","javascriptEnabled":true,"takesScreenshot":true,"handlesAlerts":false,"databaseEnabled":false,"locationContextEnabled":false,"applicationCacheEnabled":false,"browserConnectionEnabled":false,"cssSelectorsEnabled":true,"webStorageEnabled":false,"rotatable":false,"acceptSslCerts":false,"nativeEvents":true,"proxy":{"proxyType":"direct"}}
[INFO  - 2020-04-01T10:28:37.379Z] SessionManagerReqHand - _postNewSessionCommand - New Session Created: 8c2d3bc0-7403-11ea-ae53-51943e504a27
[INFO  - 2020-04-01T10:30:31.757Z] SessionManagerReqHand - _cleanupWindowlessSessions - Asynchronous Sessions clean-up phase starting NOW
[INFO  - 2020-04-01T10:31:04.722Z] SessionManagerReqHand - _cleanupWindowlessSessions - Asynchronous Sessions clean-up phase starting NOW
[INFO  - 2020-04-01T10:31:47.724Z] SessionManagerReqHand - _cleanupWindowlessSessions - Asynchronous Sessions clean-up phase starting NOW
[INFO  - 2020-04-01T10:31:57.082Z] GhostDriver - Main - running on port 13001
[INFO  - 2020-04-01T10:31:57.573Z] Session [03810620-7404-11ea-9c1f-6f99320bf888] - page.settings - {"XSSAuditingEnabled":false,"javascriptCanCloseWindows":true,"javascriptCanOpenWindows":true,"javascriptEnabled":true,"loadImages":true,"localToRemoteUrlAccessEnabled":false,"userAgent":"Mozilla/5.0 (Unknown; Linux x86_64) AppleWebKit/538.1 (KHTML, like Gecko) PhantomJS/2.1.1 Safari/538.1","webSecurityEnabled":true}
[INFO  - 2020-04-01T10:31:57.573Z] Session [03810620-7404-11ea-9c1f-6f99320bf888] - page.customHeaders:  - {}
[INFO  - 2020-04-01T10:31:57.573Z] Session [03810620-7404-11ea-9c1f-6f99320bf888] - Session.negotiatedCapabilities - {"browserName":"phantomjs","version":"2.1.1","driverName":"ghostdriver","driverVersion":"1.2.0","platform":"linux-unknown-64bit","javascriptEnabled":true,"takesScreenshot":true,"handlesAlerts":false,"databaseEnabled":false,"locationContextEnabled":false,"applicationCacheEnabled":false,"browserConnectionEnabled":false,"cssSelectorsEnabled":true,"webStorageEnabled":false,"rotatable":false,"acceptSslCerts":false,"nativeEvents":true,"proxy":{"proxyType":"direct"}}
[INFO  - 2020-04-01T10:31:57.573Z] SessionManagerReqHand - _postNewSessionCommand - New Session Created: 03810620-7404-11ea-9c1f-6f99320bf888
[INFO  - 2020-04-01T10:32:58.775Z] GhostDriver - Main - running on port 29868
[INFO  - 2020-04-01T10:32:59.357Z] Session [28545c90-7404-11ea-a5ba-b77b0f2f1256] - page.settings - {"XSSAuditingEnabled":false,"javascriptCanCloseWindows":true,"javascriptCanOpenWindows":true,"javascriptEnabled":true,"loadImages":true,"localToRemoteUrlAccessEnabled":false,"userAgent":"Mozilla/5.0 (Unknown; Linux x86_64) AppleWebKit/538.1 (KHTML, like Gecko) PhantomJS/2.1.1 Safari/538.1","webSecurityEnabled":true}
[INFO  - 2020-04-01T10:32:59.359Z] Session [28545c90-7404-11ea-a5ba-b77b0f2f1256] - page.customHeaders:  - {}
[INFO  - 2020-04-01T10:32:59.359Z] Session [28545c90-7404-11ea-a5ba-b77b0f2f1256] - Session.negotiatedCapabilities - {"browserName":"phantomjs","version":"2.1.1","driverName":"ghostdriver","driverVersion":"1.2.0","platform":"linux-unknown-64bit","javascriptEnabled":true,"takesScreenshot":true,"handlesAlerts":false,"databaseEnabled":false,"locationContextEnabled":false,"applicationCacheEnabled":false,"browserConnectionEnabled":false,"cssSelectorsEnabled":true,"webStorageEnabled":false,"rotatable":false,"acceptSslCerts":false,"nativeEvents":true,"proxy":{"proxyType":"direct"}}
[INFO  - 2020-04-01T10:32:59.365Z] SessionManagerReqHand - _postNewSessionCommand - New Session Created: 28545c90-7404-11ea-a5ba-b77b0f2f1256
[INFO  - 2020-04-01T10:33:37.166Z] SessionManagerReqHand - _cleanupWindowlessSessions - Asynchronous Sessions clean-up phase starting NOW
[INFO  - 2020-04-01T10:35:17.787Z] GhostDriver - Main - running on port 9622
[INFO  - 2020-04-01T10:35:18.170Z] Session [7b11b270-7404-11ea-ac6c-53e8b35ff168] - page.settings - {"XSSAuditingEnabled":false,"javascriptCanCloseWindows":true,"javascriptCanOpenWindows":true,"javascriptEnabled":true,"loadImages":true,"localToRemoteUrlAccessEnabled":false,"userAgent":"Mozilla/5.0 (Unknown; Linux x86_64) AppleWebKit/538.1 (KHTML, like Gecko) PhantomJS/2.1.1 Safari/538.1","webSecurityEnabled":true}
[INFO  - 2020-04-01T10:35:18.170Z] Session [7b11b270-7404-11ea-ac6c-53e8b35ff168] - page.customHeaders:  - {}
[INFO  - 2020-04-01T10:35:18.171Z] Session [7b11b270-7404-11ea-ac6c-53e8b35ff168] - Session.negotiatedCapabilities - {"browserName":"phantomjs","version":"2.1.1","driverName":"ghostdriver","driverVersion":"1.2.0","platform":"linux-unknown-64bit","javascriptEnabled":true,"takesScreenshot":true,"handlesAlerts":false,"databaseEnabled":false,"locationContextEnabled":false,"applicationCacheEnabled":false,"browserConnectionEnabled":false,"cssSelectorsEnabled":true,"webStorageEnabled":false,"rotatable":false,"acceptSslCerts":false,"nativeEvents":true,"proxy":{"proxyType":"direct"}}
[INFO  - 2020-04-01T10:35:18.171Z] SessionManagerReqHand - _postNewSessionCommand - New Session Created: 7b11b270-7404-11ea-ac6c-53e8b35ff168
[INFO  - 2020-04-01T10:35:31.766Z] SessionManagerReqHand - _cleanupWindowlessSessions - Asynchronous Sessions clean-up phase starting NOW
[INFO  - 2020-04-01T10:36:04.722Z] SessionManagerReqHand - _cleanupWindowlessSessions - Asynchronous Sessions clean-up phase starting NOW
[INFO  - 2020-04-01T10:36:47.725Z] SessionManagerReqHand - _cleanupWindowlessSessions - Asynchronous Sessions clean-up phase starting NOW
[INFO  - 2020-04-01T10:38:22.829Z] GhostDriver - Main - running on port 25458
[INFO  - 2020-04-01T10:38:23.371Z] Session [e9752080-7404-11ea-b4ca-8f46c4761146] - page.settings - {"XSSAuditingEnabled":false,"javascriptCanCloseWindows":true,"javascriptCanOpenWindows":true,"javascriptEnabled":true,"loadImages":true,"localToRemoteUrlAccessEnabled":false,"userAgent":"Mozilla/5.0 (Unknown; Linux x86_64) AppleWebKit/538.1 (KHTML, like Gecko) PhantomJS/2.1.1 Safari/538.1","webSecurityEnabled":true}
[INFO  - 2020-04-01T10:38:23.371Z] Session [e9752080-7404-11ea-b4ca-8f46c4761146] - page.customHeaders:  - {}
[INFO  - 2020-04-01T10:38:23.371Z] Session [e9752080-7404-11ea-b4ca-8f46c4761146] - Session.negotiatedCapabilities - {"browserName":"phantomjs","version":"2.1.1","driverName":"ghostdriver","driverVersion":"1.2.0","platform":"linux-unknown-64bit","javascriptEnabled":true,"takesScreenshot":true,"handlesAlerts":false,"databaseEnabled":false,"locationContextEnabled":false,"applicationCacheEnabled":false,"browserConnectionEnabled":false,"cssSelectorsEnabled":true,"webStorageEnabled":false,"rotatable":false,"acceptSslCerts":false,"nativeEvents":true,"proxy":{"proxyType":"direct"}}
[INFO  - 2020-04-01T10:38:23.371Z] SessionManagerReqHand - _postNewSessionCommand - New Session Created: e9752080-7404-11ea-b4ca-8f46c4761146
[INFO  - 2020-04-01T10:38:37.165Z] SessionManagerReqHand - _cleanupWindowlessSessions - Asynchronous Sessions clean-up phase starting NOW
[INFO  - 2020-04-01T10:40:04.568Z] GhostDriver - Main - running on port 9641
[INFO  - 2020-04-01T10:40:05.111Z] Session [26194430-7405-11ea-ad81-af63c03c697d] - page.settings - {"XSSAuditingEnabled":false,"javascriptCanCloseWindows":true,"javascriptCanOpenWindows":true,"javascriptEnabled":true,"loadImages":true,"localToRemoteUrlAccessEnabled":false,"userAgent":"Mozilla/5.0 (Unknown; Linux x86_64) AppleWebKit/538.1 (KHTML, like Gecko) PhantomJS/2.1.1 Safari/538.1","webSecurityEnabled":true}
[INFO  - 2020-04-01T10:40:05.111Z] Session [26194430-7405-11ea-ad81-af63c03c697d] - page.customHeaders:  - {}
[INFO  - 2020-04-01T10:40:05.111Z] Session [26194430-7405-11ea-ad81-af63c03c697d] - Session.negotiatedCapabilities - {"browserName":"phantomjs","version":"2.1.1","driverName":"ghostdriver","driverVersion":"1.2.0","platform":"linux-unknown-64bit","javascriptEnabled":true,"takesScreenshot":true,"handlesAlerts":false,"databaseEnabled":false,"locationContextEnabled":false,"applicationCacheEnabled":false,"browserConnectionEnabled":false,"cssSelectorsEnabled":true,"webStorageEnabled":false,"rotatable":false,"acceptSslCerts":false,"nativeEvents":true,"proxy":{"proxyType":"direct"}}
[INFO  - 2020-04-01T10:40:05.111Z] SessionManagerReqHand - _postNewSessionCommand - New Session Created: 26194430-7405-11ea-ad81-af63c03c697d
[INFO  - 2020-04-01T10:40:31.766Z] SessionManagerReqHand - _cleanupWindowlessSessions - Asynchronous Sessions clean-up phase starting NOW
[INFO  - 2020-04-01T10:40:48.454Z] GhostDriver - Main - running on port 5561
[INFO  - 2020-04-01T10:40:49.027Z] Session [40467800-7405-11ea-b402-f334ec1579e4] - page.settings - {"XSSAuditingEnabled":false,"javascriptCanCloseWindows":true,"javascriptCanOpenWindows":true,"javascriptEnabled":true,"loadImages":true,"localToRemoteUrlAccessEnabled":false,"userAgent":"Mozilla/5.0 (Unknown; Linux x86_64) AppleWebKit/538.1 (KHTML, like Gecko) PhantomJS/2.1.1 Safari/538.1","webSecurityEnabled":true}
[INFO  - 2020-04-01T10:40:49.027Z] Session [40467800-7405-11ea-b402-f334ec1579e4] - page.customHeaders:  - {}
[INFO  - 2020-04-01T10:40:49.027Z] Session [40467800-7405-11ea-b402-f334ec1579e4] - Session.negotiatedCapabilities - {"browserName":"phantomjs","version":"2.1.1","driverName":"ghostdriver","driverVersion":"1.2.0","platform":"linux-unknown-64bit","javascriptEnabled":true,"takesScreenshot":true,"handlesAlerts":false,"databaseEnabled":false,"locationContextEnabled":false,"applicationCacheEnabled":false,"browserConnectionEnabled":false,"cssSelectorsEnabled":true,"webStorageEnabled":false,"rotatable":false,"acceptSslCerts":false,"nativeEvents":true,"proxy":{"proxyType":"direct"}}
[INFO  - 2020-04-01T10:40:49.027Z] SessionManagerReqHand - _postNewSessionCommand - New Session Created: 40467800-7405-11ea-b402-f334ec1579e4
[INFO  - 2020-04-01T10:41:04.723Z] SessionManagerReqHand - _cleanupWindowlessSessions - Asynchronous Sessions clean-up phase starting NOW
[INFO  - 2020-04-01T10:41:47.725Z] SessionManagerReqHand - _cleanupWindowlessSessions - Asynchronous Sessions clean-up phase starting NOW
[INFO  - 2020-04-01T10:43:07.277Z] GhostDriver - Main - running on port 32429
[INFO  - 2020-04-01T10:43:07.881Z] Session [9309e860-7405-11ea-a993-f18e1a96dccf] - page.settings - {"XSSAuditingEnabled":false,"javascriptCanCloseWindows":true,"javascriptCanOpenWindows":true,"javascriptEnabled":true,"loadImages":true,"localToRemoteUrlAccessEnabled":false,"userAgent":"Mozilla/5.0 (Unknown; Linux x86_64) AppleWebKit/538.1 (KHTML, like Gecko) PhantomJS/2.1.1 Safari/538.1","webSecurityEnabled":true}
[INFO  - 2020-04-01T10:43:07.881Z] Session [9309e860-7405-11ea-a993-f18e1a96dccf] - page.customHeaders:  - {}
[INFO  - 2020-04-01T10:43:07.881Z] Session [9309e860-7405-11ea-a993-f18e1a96dccf] - Session.negotiatedCapabilities - {"browserName":"phantomjs","version":"2.1.1","driverName":"ghostdriver","driverVersion":"1.2.0","platform":"linux-unknown-64bit","javascriptEnabled":true,"takesScreenshot":true,"handlesAlerts":false,"databaseEnabled":false,"locationContextEnabled":false,"applicationCacheEnabled":false,"browserConnectionEnabled":false,"cssSelectorsEnabled":true,"webStorageEnabled":false,"rotatable":false,"acceptSslCerts":false,"nativeEvents":true,"proxy":{"proxyType":"direct"}}
[INFO  - 2020-04-01T10:43:07.881Z] SessionManagerReqHand - _postNewSessionCommand - New Session Created: 9309e860-7405-11ea-a993-f18e1a96dccf
[ERROR - 2020-04-01T10:43:23.544Z] WebElementLocator - _handleLocateCommand - Element(s) NOT Found: GAVE UP. Search Stop Time: 1585737803520
[INFO  - 2020-04-01T10:43:35.870Z] GhostDriver - Main - running on port 28498
[INFO  - 2020-04-01T10:43:36.470Z] Session [a4143e30-7405-11ea-a4a5-977492c6bc6a] - page.settings - {"XSSAuditingEnabled":false,"javascriptCanCloseWindows":true,"javascriptCanOpenWindows":true,"javascriptEnabled":true,"loadImages":true,"localToRemoteUrlAccessEnabled":false,"userAgent":"Mozilla/5.0 (Unknown; Linux x86_64) AppleWebKit/538.1 (KHTML, like Gecko) PhantomJS/2.1.1 Safari/538.1","webSecurityEnabled":true}
[INFO  - 2020-04-01T10:43:36.471Z] Session [a4143e30-7405-11ea-a4a5-977492c6bc6a] - page.customHeaders:  - {}
[INFO  - 2020-04-01T10:43:36.474Z] Session [a4143e30-7405-11ea-a4a5-977492c6bc6a] - Session.negotiatedCapabilities - {"browserName":"phantomjs","version":"2.1.1","driverName":"ghostdriver","driverVersion":"1.2.0","platform":"linux-unknown-64bit","javascriptEnabled":true,"takesScreenshot":true,"handlesAlerts":false,"databaseEnabled":false,"locationContextEnabled":false,"applicationCacheEnabled":false,"browserConnectionEnabled":false,"cssSelectorsEnabled":true,"webStorageEnabled":false,"rotatable":false,"acceptSslCerts":false,"nativeEvents":true,"proxy":{"proxyType":"direct"}}
[INFO  - 2020-04-01T10:43:36.476Z] SessionManagerReqHand - _postNewSessionCommand - New Session Created: a4143e30-7405-11ea-a4a5-977492c6bc6a
[INFO  - 2020-04-01T10:43:37.165Z] SessionManagerReqHand - _cleanupWindowlessSessions - Asynchronous Sessions clean-up phase starting NOW
[INFO  - 2020-04-01T10:43:47.223Z] GhostDriver - Main - running on port 31599
[INFO  - 2020-04-01T10:43:47.827Z] Session [aad92f00-7405-11ea-8cd8-6b7978bfc378] - page.settings - {"XSSAuditingEnabled":false,"javascriptCanCloseWindows":true,"javascriptCanOpenWindows":true,"javascriptEnabled":true,"loadImages":true,"localToRemoteUrlAccessEnabled":false,"userAgent":"Mozilla/5.0 (Unknown; Linux x86_64) AppleWebKit/538.1 (KHTML, like Gecko) PhantomJS/2.1.1 Safari/538.1","webSecurityEnabled":true}
[INFO  - 2020-04-01T10:43:47.827Z] Session [aad92f00-7405-11ea-8cd8-6b7978bfc378] - page.customHeaders:  - {}
[INFO  - 2020-04-01T10:43:47.828Z] Session [aad92f00-7405-11ea-8cd8-6b7978bfc378] - Session.negotiatedCapabilities - {"browserName":"phantomjs","version":"2.1.1","driverName":"ghostdriver","driverVersion":"1.2.0","platform":"linux-unknown-64bit","javascriptEnabled":true,"takesScreenshot":true,"handlesAlerts":false,"databaseEnabled":false,"locationContextEnabled":false,"applicationCacheEnabled":false,"browserConnectionEnabled":false,"cssSelectorsEnabled":true,"webStorageEnabled":false,"rotatable":false,"acceptSslCerts":false,"nativeEvents":true,"proxy":{"proxyType":"direct"}}
[INFO  - 2020-04-01T10:43:47.828Z] SessionManagerReqHand - _postNewSessionCommand - New Session Created: aad92f00-7405-11ea-8cd8-6b7978bfc378
[ERROR - 2020-04-01T10:44:23.495Z] WebElementLocator - _handleLocateCommand - Element(s) NOT Found: GAVE UP. Search Stop Time: 1585737863467
[INFO  - 2020-04-01T10:45:31.766Z] SessionManagerReqHand - _cleanupWindowlessSessions - Asynchronous Sessions clean-up phase starting NOW
[INFO  - 2020-04-01T10:46:04.724Z] SessionManagerReqHand - _cleanupWindowlessSessions - Asynchronous Sessions clean-up phase starting NOW
[INFO  - 2020-04-01T10:46:45.823Z] GhostDriver - Main - running on port 25597
[INFO  - 2020-04-01T10:46:46.421Z] Session [154c7720-7406-11ea-9a64-3324f758cf7a] - page.settings - {"XSSAuditingEnabled":false,"javascriptCanCloseWindows":true,"javascriptCanOpenWindows":true,"javascriptEnabled":true,"loadImages":true,"localToRemoteUrlAccessEnabled":false,"userAgent":"Mozilla/5.0 (Unknown; Linux x86_64) AppleWebKit/538.1 (KHTML, like Gecko) PhantomJS/2.1.1 Safari/538.1","webSecurityEnabled":true}
[INFO  - 2020-04-01T10:46:46.421Z] Session [154c7720-7406-11ea-9a64-3324f758cf7a] - page.customHeaders:  - {}
[INFO  - 2020-04-01T10:46:46.421Z] Session [154c7720-7406-11ea-9a64-3324f758cf7a] - Session.negotiatedCapabilities - {"browserName":"phantomjs","version":"2.1.1","driverName":"ghostdriver","driverVersion":"1.2.0","platform":"linux-unknown-64bit","javascriptEnabled":true,"takesScreenshot":true,"handlesAlerts":false,"databaseEnabled":false,"locationContextEnabled":false,"applicationCacheEnabled":false,"browserConnectionEnabled":false,"cssSelectorsEnabled":true,"webStorageEnabled":false,"rotatable":false,"acceptSslCerts":false,"nativeEvents":true,"proxy":{"proxyType":"direct"}}
[INFO  - 2020-04-01T10:46:46.421Z] SessionManagerReqHand - _postNewSessionCommand - New Session Created: 154c7720-7406-11ea-9a64-3324f758cf7a
[INFO  - 2020-04-01T10:46:47.725Z] SessionManagerReqHand - _cleanupWindowlessSessions - Asynchronous Sessions clean-up phase starting NOW
[INFO  - 2020-04-01T10:47:30.232Z] GhostDriver - Main - running on port 20893
[INFO  - 2020-04-01T10:47:30.818Z] Session [2fc2e8f0-7406-11ea-bd0a-a7470b185b77] - page.settings - {"XSSAuditingEnabled":false,"javascriptCanCloseWindows":true,"javascriptCanOpenWindows":true,"javascriptEnabled":true,"loadImages":true,"localToRemoteUrlAccessEnabled":false,"userAgent":"Mozilla/5.0 (Unknown; Linux x86_64) AppleWebKit/538.1 (KHTML, like Gecko) PhantomJS/2.1.1 Safari/538.1","webSecurityEnabled":true}
[INFO  - 2020-04-01T10:47:30.818Z] Session [2fc2e8f0-7406-11ea-bd0a-a7470b185b77] - page.customHeaders:  - {}
[INFO  - 2020-04-01T10:47:30.818Z] Session [2fc2e8f0-7406-11ea-bd0a-a7470b185b77] - Session.negotiatedCapabilities - {"browserName":"phantomjs","version":"2.1.1","driverName":"ghostdriver","driverVersion":"1.2.0","platform":"linux-unknown-64bit","javascriptEnabled":true,"takesScreenshot":true,"handlesAlerts":false,"databaseEnabled":false,"locationContextEnabled":false,"applicationCacheEnabled":false,"browserConnectionEnabled":false,"cssSelectorsEnabled":true,"webStorageEnabled":false,"rotatable":false,"acceptSslCerts":false,"nativeEvents":true,"proxy":{"proxyType":"direct"}}
[INFO  - 2020-04-01T10:47:30.818Z] SessionManagerReqHand - _postNewSessionCommand - New Session Created: 2fc2e8f0-7406-11ea-bd0a-a7470b185b77
[INFO  - 2020-04-01T10:48:30.985Z] GhostDriver - Main - running on port 21125
[INFO  - 2020-04-01T10:48:31.554Z] Session [53f67cf0-7406-11ea-a861-3d2226253ee7] - page.settings - {"XSSAuditingEnabled":false,"javascriptCanCloseWindows":true,"javascriptCanOpenWindows":true,"javascriptEnabled":true,"loadImages":true,"localToRemoteUrlAccessEnabled":false,"userAgent":"Mozilla/5.0 (Unknown; Linux x86_64) AppleWebKit/538.1 (KHTML, like Gecko) PhantomJS/2.1.1 Safari/538.1","webSecurityEnabled":true}
[INFO  - 2020-04-01T10:48:31.554Z] Session [53f67cf0-7406-11ea-a861-3d2226253ee7] - page.customHeaders:  - {}
[INFO  - 2020-04-01T10:48:31.554Z] Session [53f67cf0-7406-11ea-a861-3d2226253ee7] - Session.negotiatedCapabilities - {"browserName":"phantomjs","version":"2.1.1","driverName":"ghostdriver","driverVersion":"1.2.0","platform":"linux-unknown-64bit","javascriptEnabled":true,"takesScreenshot":true,"handlesAlerts":false,"databaseEnabled":false,"locationContextEnabled":false,"applicationCacheEnabled":false,"browserConnectionEnabled":false,"cssSelectorsEnabled":true,"webStorageEnabled":false,"rotatable":false,"acceptSslCerts":false,"nativeEvents":true,"proxy":{"proxyType":"direct"}}
[INFO  - 2020-04-01T10:48:31.554Z] SessionManagerReqHand - _postNewSessionCommand - New Session Created: 53f67cf0-7406-11ea-a861-3d2226253ee7
[INFO  - 2020-04-01T10:48:37.165Z] SessionManagerReqHand - _cleanupWindowlessSessions - Asynchronous Sessions clean-up phase starting NOW
[INFO  - 2020-04-01T10:50:31.766Z] SessionManagerReqHand - _cleanupWindowlessSessions - Asynchronous Sessions clean-up phase starting NOW
[INFO  - 2020-04-01T10:51:04.724Z] SessionManagerReqHand - _cleanupWindowlessSessions - Asynchronous Sessions clean-up phase starting NOW
[INFO  - 2020-04-01T10:51:47.726Z] SessionManagerReqHand - _cleanupWindowlessSessions - Asynchronous Sessions clean-up phase starting NOW
[INFO  - 2020-04-01T10:53:25.848Z] GhostDriver - Main - running on port 22967
[INFO  - 2020-04-01T10:53:26.381Z] Session [03b184a0-7407-11ea-b53a-cf85b319e0ce] - page.settings - {"XSSAuditingEnabled":false,"javascriptCanCloseWindows":true,"javascriptCanOpenWindows":true,"javascriptEnabled":true,"loadImages":true,"localToRemoteUrlAccessEnabled":false,"userAgent":"Mozilla/5.0 (Unknown; Linux x86_64) AppleWebKit/538.1 (KHTML, like Gecko) PhantomJS/2.1.1 Safari/538.1","webSecurityEnabled":true}
[INFO  - 2020-04-01T10:53:26.381Z] Session [03b184a0-7407-11ea-b53a-cf85b319e0ce] - page.customHeaders:  - {}
[INFO  - 2020-04-01T10:53:26.381Z] Session [03b184a0-7407-11ea-b53a-cf85b319e0ce] - Session.negotiatedCapabilities - {"browserName":"phantomjs","version":"2.1.1","driverName":"ghostdriver","driverVersion":"1.2.0","platform":"linux-unknown-64bit","javascriptEnabled":true,"takesScreenshot":true,"handlesAlerts":false,"databaseEnabled":false,"locationContextEnabled":false,"applicationCacheEnabled":false,"browserConnectionEnabled":false,"cssSelectorsEnabled":true,"webStorageEnabled":false,"rotatable":false,"acceptSslCerts":false,"nativeEvents":true,"proxy":{"proxyType":"direct"}}
[INFO  - 2020-04-01T10:53:26.381Z] SessionManagerReqHand - _postNewSessionCommand - New Session Created: 03b184a0-7407-11ea-b53a-cf85b319e0ce
[INFO  - 2020-04-01T10:53:37.166Z] SessionManagerReqHand - _cleanupWindowlessSessions - Asynchronous Sessions clean-up phase starting NOW
[INFO  - 2020-04-01T10:54:55.050Z] GhostDriver - Main - running on port 29183
[INFO  - 2020-04-01T10:54:55.591Z] Session [38dde240-7407-11ea-8b86-bde2065ab71f] - page.settings - {"XSSAuditingEnabled":false,"javascriptCanCloseWindows":true,"javascriptCanOpenWindows":true,"javascriptEnabled":true,"loadImages":true,"localToRemoteUrlAccessEnabled":false,"userAgent":"Mozilla/5.0 (Unknown; Linux x86_64) AppleWebKit/538.1 (KHTML, like Gecko) PhantomJS/2.1.1 Safari/538.1","webSecurityEnabled":true}
[INFO  - 2020-04-01T10:54:55.591Z] Session [38dde240-7407-11ea-8b86-bde2065ab71f] - page.customHeaders:  - {}
[INFO  - 2020-04-01T10:54:55.591Z] Session [38dde240-7407-11ea-8b86-bde2065ab71f] - Session.negotiatedCapabilities - {"browserName":"phantomjs","version":"2.1.1","driverName":"ghostdriver","driverVersion":"1.2.0","platform":"linux-unknown-64bit","javascriptEnabled":true,"takesScreenshot":true,"handlesAlerts":false,"databaseEnabled":false,"locationContextEnabled":false,"applicationCacheEnabled":false,"browserConnectionEnabled":false,"cssSelectorsEnabled":true,"webStorageEnabled":false,"rotatable":false,"acceptSslCerts":false,"nativeEvents":true,"proxy":{"proxyType":"direct"}}
[INFO  - 2020-04-01T10:54:55.591Z] SessionManagerReqHand - _postNewSessionCommand - New Session Created: 38dde240-7407-11ea-8b86-bde2065ab71f
[INFO  - 2020-04-01T10:55:31.771Z] SessionManagerReqHand - _cleanupWindowlessSessions - Asynchronous Sessions clean-up phase starting NOW
[INFO  - 2020-04-01T10:56:04.724Z] SessionManagerReqHand - _cleanupWindowlessSessions - Asynchronous Sessions clean-up phase starting NOW
[INFO  - 2020-04-01T10:56:47.726Z] SessionManagerReqHand - _cleanupWindowlessSessions - Asynchronous Sessions clean-up phase starting NOW
[INFO  - 2020-04-01T10:56:51.919Z] GhostDriver - Main - running on port 30250
[INFO  - 2020-04-01T10:56:52.471Z] Session [7e888250-7407-11ea-901b-0741705b0b77] - page.settings - {"XSSAuditingEnabled":false,"javascriptCanCloseWindows":true,"javascriptCanOpenWindows":true,"javascriptEnabled":true,"loadImages":true,"localToRemoteUrlAccessEnabled":false,"userAgent":"Mozilla/5.0 (Unknown; Linux x86_64) AppleWebKit/538.1 (KHTML, like Gecko) PhantomJS/2.1.1 Safari/538.1","webSecurityEnabled":true}
[INFO  - 2020-04-01T10:56:52.471Z] Session [7e888250-7407-11ea-901b-0741705b0b77] - page.customHeaders:  - {}
[INFO  - 2020-04-01T10:56:52.471Z] Session [7e888250-7407-11ea-901b-0741705b0b77] - Session.negotiatedCapabilities - {"browserName":"phantomjs","version":"2.1.1","driverName":"ghostdriver","driverVersion":"1.2.0","platform":"linux-unknown-64bit","javascriptEnabled":true,"takesScreenshot":true,"handlesAlerts":false,"databaseEnabled":false,"locationContextEnabled":false,"applicationCacheEnabled":false,"browserConnectionEnabled":false,"cssSelectorsEnabled":true,"webStorageEnabled":false,"rotatable":false,"acceptSslCerts":false,"nativeEvents":true,"proxy":{"proxyType":"direct"}}
[INFO  - 2020-04-01T10:56:52.471Z] SessionManagerReqHand - _postNewSessionCommand - New Session Created: 7e888250-7407-11ea-901b-0741705b0b77
[INFO  - 2020-04-01T10:58:37.165Z] SessionManagerReqHand - _cleanupWindowlessSessions - Asynchronous Sessions clean-up phase starting NOW
[INFO  - 2020-04-01T10:59:38.533Z] GhostDriver - Main - running on port 20335
[INFO  - 2020-04-01T10:59:39.034Z] Session [e1cfda70-7407-11ea-8199-05cc3ca81301] - page.settings - {"XSSAuditingEnabled":false,"javascriptCanCloseWindows":true,"javascriptCanOpenWindows":true,"javascriptEnabled":true,"loadImages":true,"localToRemoteUrlAccessEnabled":false,"userAgent":"Mozilla/5.0 (Unknown; Linux x86_64) AppleWebKit/538.1 (KHTML, like Gecko) PhantomJS/2.1.1 Safari/538.1","webSecurityEnabled":true}
[INFO  - 2020-04-01T10:59:39.034Z] Session [e1cfda70-7407-11ea-8199-05cc3ca81301] - page.customHeaders:  - {}
[INFO  - 2020-04-01T10:59:39.034Z] Session [e1cfda70-7407-11ea-8199-05cc3ca81301] - Session.negotiatedCapabilities - {"browserName":"phantomjs","version":"2.1.1","driverName":"ghostdriver","driverVersion":"1.2.0","platform":"linux-unknown-64bit","javascriptEnabled":true,"takesScreenshot":true,"handlesAlerts":false,"databaseEnabled":false,"locationContextEnabled":false,"applicationCacheEnabled":false,"browserConnectionEnabled":false,"cssSelectorsEnabled":true,"webStorageEnabled":false,"rotatable":false,"acceptSslCerts":false,"nativeEvents":true,"proxy":{"proxyType":"direct"}}
[INFO  - 2020-04-01T10:59:39.034Z] SessionManagerReqHand - _postNewSessionCommand - New Session Created: e1cfda70-7407-11ea-8199-05cc3ca81301
[INFO  - 2020-04-01T11:00:31.771Z] SessionManagerReqHand - _cleanupWindowlessSessions - Asynchronous Sessions clean-up phase starting NOW
[INFO  - 2020-04-01T11:01:02.450Z] GhostDriver - Main - running on port 21117
[INFO  - 2020-04-01T11:01:03.060Z] Session [13e53410-7408-11ea-9123-dfdd472bd88d] - page.settings - {"XSSAuditingEnabled":false,"javascriptCanCloseWindows":true,"javascriptCanOpenWindows":true,"javascriptEnabled":true,"loadImages":true,"localToRemoteUrlAccessEnabled":false,"userAgent":"Mozilla/5.0 (Unknown; Linux x86_64) AppleWebKit/538.1 (KHTML, like Gecko) PhantomJS/2.1.1 Safari/538.1","webSecurityEnabled":true}
[INFO  - 2020-04-01T11:01:03.060Z] Session [13e53410-7408-11ea-9123-dfdd472bd88d] - page.customHeaders:  - {}
[INFO  - 2020-04-01T11:01:03.061Z] Session [13e53410-7408-11ea-9123-dfdd472bd88d] - Session.negotiatedCapabilities - {"browserName":"phantomjs","version":"2.1.1","driverName":"ghostdriver","driverVersion":"1.2.0","platform":"linux-unknown-64bit","javascriptEnabled":true,"takesScreenshot":true,"handlesAlerts":false,"databaseEnabled":false,"locationContextEnabled":false,"applicationCacheEnabled":false,"browserConnectionEnabled":false,"cssSelectorsEnabled":true,"webStorageEnabled":false,"rotatable":false,"acceptSslCerts":false,"nativeEvents":true,"proxy":{"proxyType":"direct"}}
[INFO  - 2020-04-01T11:01:03.064Z] SessionManagerReqHand - _postNewSessionCommand - New Session Created: 13e53410-7408-11ea-9123-dfdd472bd88d
[INFO  - 2020-04-01T11:01:04.724Z] SessionManagerReqHand - _cleanupWindowlessSessions - Asynchronous Sessions clean-up phase starting NOW
[INFO  - 2020-04-01T11:01:47.726Z] SessionManagerReqHand - _cleanupWindowlessSessions - Asynchronous Sessions clean-up phase starting NOW
[INFO  - 2020-04-01T11:03:37.165Z] SessionManagerReqHand - _cleanupWindowlessSessions - Asynchronous Sessions clean-up phase starting NOW
[INFO  - 2020-04-03T01:46:49.517Z] GhostDriver - Main - running on port 8144
[INFO  - 2020-04-03T01:46:49.969Z] Session [fc55b0e0-754c-11ea-9e56-6f42cd9934f4] - page.settings - {"XSSAuditingEnabled":false,"javascriptCanCloseWindows":true,"javascriptCanOpenWindows":true,"javascriptEnabled":true,"loadImages":true,"localToRemoteUrlAccessEnabled":false,"userAgent":"Mozilla/5.0 (Unknown; Linux x86_64) AppleWebKit/538.1 (KHTML, like Gecko) PhantomJS/2.1.1 Safari/538.1","webSecurityEnabled":true}
[INFO  - 2020-04-03T01:46:49.969Z] Session [fc55b0e0-754c-11ea-9e56-6f42cd9934f4] - page.customHeaders:  - {}
[INFO  - 2020-04-03T01:46:49.969Z] Session [fc55b0e0-754c-11ea-9e56-6f42cd9934f4] - Session.negotiatedCapabilities - {"browserName":"phantomjs","version":"2.1.1","driverName":"ghostdriver","driverVersion":"1.2.0","platform":"linux-unknown-64bit","javascriptEnabled":true,"takesScreenshot":true,"handlesAlerts":false,"databaseEnabled":false,"locationContextEnabled":false,"applicationCacheEnabled":false,"browserConnectionEnabled":false,"cssSelectorsEnabled":true,"webStorageEnabled":false,"rotatable":false,"acceptSslCerts":false,"nativeEvents":true,"proxy":{"proxyType":"direct"}}
[INFO  - 2020-04-03T01:46:49.969Z] SessionManagerReqHand - _postNewSessionCommand - New Session Created: fc55b0e0-754c-11ea-9e56-6f42cd9934f4
[INFO  - 2020-04-03T01:46:52.988Z] ShutdownReqHand - _handle - About to shutdown
[INFO  - 2020-04-03T01:48:19.645Z] GhostDriver - Main - running on port 4071
[INFO  - 2020-04-03T01:48:20.193Z] Session [321cc7e0-754d-11ea-96f0-1b7ff44581b3] - page.settings - {"XSSAuditingEnabled":false,"javascriptCanCloseWindows":true,"javascriptCanOpenWindows":true,"javascriptEnabled":true,"loadImages":true,"localToRemoteUrlAccessEnabled":false,"userAgent":"Mozilla/5.0 (Unknown; Linux x86_64) AppleWebKit/538.1 (KHTML, like Gecko) PhantomJS/2.1.1 Safari/538.1","webSecurityEnabled":true}
[INFO  - 2020-04-03T01:48:20.193Z] Session [321cc7e0-754d-11ea-96f0-1b7ff44581b3] - page.customHeaders:  - {}
[INFO  - 2020-04-03T01:48:20.194Z] Session [321cc7e0-754d-11ea-96f0-1b7ff44581b3] - Session.negotiatedCapabilities - {"browserName":"phantomjs","version":"2.1.1","driverName":"ghostdriver","driverVersion":"1.2.0","platform":"linux-unknown-64bit","javascriptEnabled":true,"takesScreenshot":true,"handlesAlerts":false,"databaseEnabled":false,"locationContextEnabled":false,"applicationCacheEnabled":false,"browserConnectionEnabled":false,"cssSelectorsEnabled":true,"webStorageEnabled":false,"rotatable":false,"acceptSslCerts":false,"nativeEvents":true,"proxy":{"proxyType":"direct"}}
[INFO  - 2020-04-03T01:48:20.194Z] SessionManagerReqHand - _postNewSessionCommand - New Session Created: 321cc7e0-754d-11ea-96f0-1b7ff44581b3
[INFO  - 2020-04-03T01:48:28.086Z] GhostDriver - Main - running on port 16713
[INFO  - 2020-04-03T01:48:28.665Z] Session [37298160-754d-11ea-9fe5-6ffa29b7a22c] - page.settings - {"XSSAuditingEnabled":false,"javascriptCanCloseWindows":true,"javascriptCanOpenWindows":true,"javascriptEnabled":true,"loadImages":true,"localToRemoteUrlAccessEnabled":false,"userAgent":"Mozilla/5.0 (Unknown; Linux x86_64) AppleWebKit/538.1 (KHTML, like Gecko) PhantomJS/2.1.1 Safari/538.1","webSecurityEnabled":true}
[INFO  - 2020-04-03T01:48:28.665Z] Session [37298160-754d-11ea-9fe5-6ffa29b7a22c] - page.customHeaders:  - {}
[INFO  - 2020-04-03T01:48:28.665Z] Session [37298160-754d-11ea-9fe5-6ffa29b7a22c] - Session.negotiatedCapabilities - {"browserName":"phantomjs","version":"2.1.1","driverName":"ghostdriver","driverVersion":"1.2.0","platform":"linux-unknown-64bit","javascriptEnabled":true,"takesScreenshot":true,"handlesAlerts":false,"databaseEnabled":false,"locationContextEnabled":false,"applicationCacheEnabled":false,"browserConnectionEnabled":false,"cssSelectorsEnabled":true,"webStorageEnabled":false,"rotatable":false,"acceptSslCerts":false,"nativeEvents":true,"proxy":{"proxyType":"direct"}}
[INFO  - 2020-04-03T01:48:28.665Z] SessionManagerReqHand - _postNewSessionCommand - New Session Created: 37298160-754d-11ea-9fe5-6ffa29b7a22c
[INFO  - 2020-04-03T01:48:30.900Z] ShutdownReqHand - _handle - About to shutdown
[INFO  - 2020-04-03T01:49:25.172Z] GhostDriver - Main - running on port 32485
[INFO  - 2020-04-03T01:49:25.774Z] Session [5933ccc0-754d-11ea-9c96-1974b93b3140] - page.settings - {"XSSAuditingEnabled":false,"javascriptCanCloseWindows":true,"javascriptCanOpenWindows":true,"javascriptEnabled":true,"loadImages":true,"localToRemoteUrlAccessEnabled":false,"userAgent":"Mozilla/5.0 (Unknown; Linux x86_64) AppleWebKit/538.1 (KHTML, like Gecko) PhantomJS/2.1.1 Safari/538.1","webSecurityEnabled":true}
[INFO  - 2020-04-03T01:49:25.774Z] Session [5933ccc0-754d-11ea-9c96-1974b93b3140] - page.customHeaders:  - {}
[INFO  - 2020-04-03T01:49:25.774Z] Session [5933ccc0-754d-11ea-9c96-1974b93b3140] - Session.negotiatedCapabilities - {"browserName":"phantomjs","version":"2.1.1","driverName":"ghostdriver","driverVersion":"1.2.0","platform":"linux-unknown-64bit","javascriptEnabled":true,"takesScreenshot":true,"handlesAlerts":false,"databaseEnabled":false,"locationContextEnabled":false,"applicationCacheEnabled":false,"browserConnectionEnabled":false,"cssSelectorsEnabled":true,"webStorageEnabled":false,"rotatable":false,"acceptSslCerts":false,"nativeEvents":true,"proxy":{"proxyType":"direct"}}
[INFO  - 2020-04-03T01:49:25.775Z] SessionManagerReqHand - _postNewSessionCommand - New Session Created: 5933ccc0-754d-11ea-9c96-1974b93b3140
[INFO  - 2020-04-03T01:51:32.065Z] GhostDriver - Main - running on port 13317
[INFO  - 2020-04-03T01:51:32.646Z] Session [a4d2ee40-754d-11ea-ba59-ab83e5a18605] - page.settings - {"XSSAuditingEnabled":false,"javascriptCanCloseWindows":true,"javascriptCanOpenWindows":true,"javascriptEnabled":true,"loadImages":true,"localToRemoteUrlAccessEnabled":false,"userAgent":"Mozilla/5.0 (Unknown; Linux x86_64) AppleWebKit/538.1 (KHTML, like Gecko) PhantomJS/2.1.1 Safari/538.1","webSecurityEnabled":true}
[INFO  - 2020-04-03T01:51:32.646Z] Session [a4d2ee40-754d-11ea-ba59-ab83e5a18605] - page.customHeaders:  - {}
[INFO  - 2020-04-03T01:51:32.646Z] Session [a4d2ee40-754d-11ea-ba59-ab83e5a18605] - Session.negotiatedCapabilities - {"browserName":"phantomjs","version":"2.1.1","driverName":"ghostdriver","driverVersion":"1.2.0","platform":"linux-unknown-64bit","javascriptEnabled":true,"takesScreenshot":true,"handlesAlerts":false,"databaseEnabled":false,"locationContextEnabled":false,"applicationCacheEnabled":false,"browserConnectionEnabled":false,"cssSelectorsEnabled":true,"webStorageEnabled":false,"rotatable":false,"acceptSslCerts":false,"nativeEvents":true,"proxy":{"proxyType":"direct"}}
[INFO  - 2020-04-03T01:51:32.646Z] SessionManagerReqHand - _postNewSessionCommand - New Session Created: a4d2ee40-754d-11ea-ba59-ab83e5a18605
[INFO  - 2020-04-03T01:52:01.584Z] GhostDriver - Main - running on port 19630
[INFO  - 2020-04-03T01:52:02.137Z] Session [b666e670-754d-11ea-a489-6f10af603fa7] - page.settings - {"XSSAuditingEnabled":false,"javascriptCanCloseWindows":true,"javascriptCanOpenWindows":true,"javascriptEnabled":true,"loadImages":true,"localToRemoteUrlAccessEnabled":false,"userAgent":"Mozilla/5.0 (Unknown; Linux x86_64) AppleWebKit/538.1 (KHTML, like Gecko) PhantomJS/2.1.1 Safari/538.1","webSecurityEnabled":true}
[INFO  - 2020-04-03T01:52:02.137Z] Session [b666e670-754d-11ea-a489-6f10af603fa7] - page.customHeaders:  - {}
[INFO  - 2020-04-03T01:52:02.138Z] Session [b666e670-754d-11ea-a489-6f10af603fa7] - Session.negotiatedCapabilities - {"browserName":"phantomjs","version":"2.1.1","driverName":"ghostdriver","driverVersion":"1.2.0","platform":"linux-unknown-64bit","javascriptEnabled":true,"takesScreenshot":true,"handlesAlerts":false,"databaseEnabled":false,"locationContextEnabled":false,"applicationCacheEnabled":false,"browserConnectionEnabled":false,"cssSelectorsEnabled":true,"webStorageEnabled":false,"rotatable":false,"acceptSslCerts":false,"nativeEvents":true,"proxy":{"proxyType":"direct"}}
[INFO  - 2020-04-03T01:52:02.138Z] SessionManagerReqHand - _postNewSessionCommand - New Session Created: b666e670-754d-11ea-a489-6f10af603fa7
[INFO  - 2020-04-03T01:52:05.871Z] ShutdownReqHand - _handle - About to shutdown
[INFO  - 2020-04-03T01:56:08.331Z] GhostDriver - Main - running on port 23706
[INFO  - 2020-04-03T01:56:08.900Z] Session [497bf220-754e-11ea-a6fe-9d754bc13b64] - page.settings - {"XSSAuditingEnabled":false,"javascriptCanCloseWindows":true,"javascriptCanOpenWindows":true,"javascriptEnabled":true,"loadImages":true,"localToRemoteUrlAccessEnabled":false,"userAgent":"Mozilla/5.0 (Unknown; Linux x86_64) AppleWebKit/538.1 (KHTML, like Gecko) PhantomJS/2.1.1 Safari/538.1","webSecurityEnabled":true}
[INFO  - 2020-04-03T01:56:08.900Z] Session [497bf220-754e-11ea-a6fe-9d754bc13b64] - page.customHeaders:  - {}
[INFO  - 2020-04-03T01:56:08.900Z] Session [497bf220-754e-11ea-a6fe-9d754bc13b64] - Session.negotiatedCapabilities - {"browserName":"phantomjs","version":"2.1.1","driverName":"ghostdriver","driverVersion":"1.2.0","platform":"linux-unknown-64bit","javascriptEnabled":true,"takesScreenshot":true,"handlesAlerts":false,"databaseEnabled":false,"locationContextEnabled":false,"applicationCacheEnabled":false,"browserConnectionEnabled":false,"cssSelectorsEnabled":true,"webStorageEnabled":false,"rotatable":false,"acceptSslCerts":false,"nativeEvents":true,"proxy":{"proxyType":"direct"}}
[INFO  - 2020-04-03T01:56:08.900Z] SessionManagerReqHand - _postNewSessionCommand - New Session Created: 497bf220-754e-11ea-a6fe-9d754bc13b64
[INFO  - 2020-04-03T01:56:11.624Z] ShutdownReqHand - _handle - About to shutdown
[INFO  - 2020-04-03T01:56:32.064Z] SessionManagerReqHand - _cleanupWindowlessSessions - Asynchronous Sessions clean-up phase starting NOW
[INFO  - 2020-04-03T02:01:32.065Z] SessionManagerReqHand - _cleanupWindowlessSessions - Asynchronous Sessions clean-up phase starting NOW
[INFO  - 2020-04-03T02:06:32.064Z] SessionManagerReqHand - _cleanupWindowlessSessions - Asynchronous Sessions clean-up phase starting NOW
[INFO  - 2020-04-03T02:11:32.064Z] SessionManagerReqHand - _cleanupWindowlessSessions - Asynchronous Sessions clean-up phase starting NOW
[INFO  - 2020-04-03T02:16:32.064Z] SessionManagerReqHand - _cleanupWindowlessSessions - Asynchronous Sessions clean-up phase starting NOW
[INFO  - 2020-04-03T02:21:32.064Z] SessionManagerReqHand - _cleanupWindowlessSessions - Asynchronous Sessions clean-up phase starting NOW
[INFO  - 2020-04-03T02:21:51.429Z] GhostDriver - Main - running on port 22795
[INFO  - 2020-04-03T02:21:52.035Z] Session [e143a910-7551-11ea-a27b-2571ac67b563] - page.settings - {"XSSAuditingEnabled":false,"javascriptCanCloseWindows":true,"javascriptCanOpenWindows":true,"javascriptEnabled":true,"loadImages":true,"localToRemoteUrlAccessEnabled":false,"userAgent":"Mozilla/5.0 (Unknown; Linux x86_64) AppleWebKit/538.1 (KHTML, like Gecko) PhantomJS/2.1.1 Safari/538.1","webSecurityEnabled":true}
[INFO  - 2020-04-03T02:21:52.036Z] Session [e143a910-7551-11ea-a27b-2571ac67b563] - page.customHeaders:  - {}
[INFO  - 2020-04-03T02:21:52.036Z] Session [e143a910-7551-11ea-a27b-2571ac67b563] - Session.negotiatedCapabilities - {"browserName":"phantomjs","version":"2.1.1","driverName":"ghostdriver","driverVersion":"1.2.0","platform":"linux-unknown-64bit","javascriptEnabled":true,"takesScreenshot":true,"handlesAlerts":false,"databaseEnabled":false,"locationContextEnabled":false,"applicationCacheEnabled":false,"browserConnectionEnabled":false,"cssSelectorsEnabled":true,"webStorageEnabled":false,"rotatable":false,"acceptSslCerts":false,"nativeEvents":true,"proxy":{"proxyType":"direct"}}
[INFO  - 2020-04-03T02:21:52.036Z] SessionManagerReqHand - _postNewSessionCommand - New Session Created: e143a910-7551-11ea-a27b-2571ac67b563
[INFO  - 2020-04-03T02:21:55.291Z] ShutdownReqHand - _handle - About to shutdown
[INFO  - 2020-04-03T02:22:57.212Z] GhostDriver - Main - running on port 31019
[INFO  - 2020-04-03T02:22:57.748Z] Session [086e8410-7552-11ea-818f-159c55fc0b6d] - page.settings - {"XSSAuditingEnabled":false,"javascriptCanCloseWindows":true,"javascriptCanOpenWindows":true,"javascriptEnabled":true,"loadImages":true,"localToRemoteUrlAccessEnabled":false,"userAgent":"Mozilla/5.0 (Unknown; Linux x86_64) AppleWebKit/538.1 (KHTML, like Gecko) PhantomJS/2.1.1 Safari/538.1","webSecurityEnabled":true}
[INFO  - 2020-04-03T02:22:57.749Z] Session [086e8410-7552-11ea-818f-159c55fc0b6d] - page.customHeaders:  - {}
[INFO  - 2020-04-03T02:22:57.749Z] Session [086e8410-7552-11ea-818f-159c55fc0b6d] - Session.negotiatedCapabilities - {"browserName":"phantomjs","version":"2.1.1","driverName":"ghostdriver","driverVersion":"1.2.0","platform":"linux-unknown-64bit","javascriptEnabled":true,"takesScreenshot":true,"handlesAlerts":false,"databaseEnabled":false,"locationContextEnabled":false,"applicationCacheEnabled":false,"browserConnectionEnabled":false,"cssSelectorsEnabled":true,"webStorageEnabled":false,"rotatable":false,"acceptSslCerts":false,"nativeEvents":true,"proxy":{"proxyType":"direct"}}
[INFO  - 2020-04-03T02:22:57.749Z] SessionManagerReqHand - _postNewSessionCommand - New Session Created: 086e8410-7552-11ea-818f-159c55fc0b6d
[INFO  - 2020-04-03T02:23:02.487Z] GhostDriver - Main - running on port 26102
[INFO  - 2020-04-03T02:23:03.020Z] Session [0b92f590-7552-11ea-a802-ffd14a00bc94] - page.settings - {"XSSAuditingEnabled":false,"javascriptCanCloseWindows":true,"javascriptCanOpenWindows":true,"javascriptEnabled":true,"loadImages":true,"localToRemoteUrlAccessEnabled":false,"userAgent":"Mozilla/5.0 (Unknown; Linux x86_64) AppleWebKit/538.1 (KHTML, like Gecko) PhantomJS/2.1.1 Safari/538.1","webSecurityEnabled":true}
[INFO  - 2020-04-03T02:23:03.020Z] Session [0b92f590-7552-11ea-a802-ffd14a00bc94] - page.customHeaders:  - {}
[INFO  - 2020-04-03T02:23:03.020Z] Session [0b92f590-7552-11ea-a802-ffd14a00bc94] - Session.negotiatedCapabilities - {"browserName":"phantomjs","version":"2.1.1","driverName":"ghostdriver","driverVersion":"1.2.0","platform":"linux-unknown-64bit","javascriptEnabled":true,"takesScreenshot":true,"handlesAlerts":false,"databaseEnabled":false,"locationContextEnabled":false,"applicationCacheEnabled":false,"browserConnectionEnabled":false,"cssSelectorsEnabled":true,"webStorageEnabled":false,"rotatable":false,"acceptSslCerts":false,"nativeEvents":true,"proxy":{"proxyType":"direct"}}
[INFO  - 2020-04-03T02:23:03.020Z] SessionManagerReqHand - _postNewSessionCommand - New Session Created: 0b92f590-7552-11ea-a802-ffd14a00bc94
[INFO  - 2020-04-03T02:23:05.312Z] ShutdownReqHand - _handle - About to shutdown
[INFO  - 2020-04-03T02:26:04.437Z] GhostDriver - Main - running on port 3713
[INFO  - 2020-04-03T02:26:04.971Z] Session [7806a190-7552-11ea-82ce-11d4833ac79b] - page.settings - {"XSSAuditingEnabled":false,"javascriptCanCloseWindows":true,"javascriptCanOpenWindows":true,"javascriptEnabled":true,"loadImages":true,"localToRemoteUrlAccessEnabled":false,"userAgent":"Mozilla/5.0 (Unknown; Linux x86_64) AppleWebKit/538.1 (KHTML, like Gecko) PhantomJS/2.1.1 Safari/538.1","webSecurityEnabled":true}
[INFO  - 2020-04-03T02:26:04.971Z] Session [7806a190-7552-11ea-82ce-11d4833ac79b] - page.customHeaders:  - {}
[INFO  - 2020-04-03T02:26:04.971Z] Session [7806a190-7552-11ea-82ce-11d4833ac79b] - Session.negotiatedCapabilities - {"browserName":"phantomjs","version":"2.1.1","driverName":"ghostdriver","driverVersion":"1.2.0","platform":"linux-unknown-64bit","javascriptEnabled":true,"takesScreenshot":true,"handlesAlerts":false,"databaseEnabled":false,"locationContextEnabled":false,"applicationCacheEnabled":false,"browserConnectionEnabled":false,"cssSelectorsEnabled":true,"webStorageEnabled":false,"rotatable":false,"acceptSslCerts":false,"nativeEvents":true,"proxy":{"proxyType":"direct"}}
[INFO  - 2020-04-03T02:26:04.971Z] SessionManagerReqHand - _postNewSessionCommand - New Session Created: 7806a190-7552-11ea-82ce-11d4833ac79b
[INFO  - 2020-04-03T02:26:07.492Z] ShutdownReqHand - _handle - About to shutdown
[INFO  - 2020-04-03T03:48:15.740Z] GhostDriver - Main - running on port 27247
[INFO  - 2020-04-03T03:48:16.280Z] Session [f3508450-755d-11ea-ad98-7d988504baef] - page.settings - {"XSSAuditingEnabled":false,"javascriptCanCloseWindows":true,"javascriptCanOpenWindows":true,"javascriptEnabled":true,"loadImages":true,"localToRemoteUrlAccessEnabled":false,"userAgent":"Mozilla/5.0 (Unknown; Linux x86_64) AppleWebKit/538.1 (KHTML, like Gecko) PhantomJS/2.1.1 Safari/538.1","webSecurityEnabled":true}
[INFO  - 2020-04-03T03:48:16.281Z] Session [f3508450-755d-11ea-ad98-7d988504baef] - page.customHeaders:  - {}
[INFO  - 2020-04-03T03:48:16.281Z] Session [f3508450-755d-11ea-ad98-7d988504baef] - Session.negotiatedCapabilities - {"browserName":"phantomjs","version":"2.1.1","driverName":"ghostdriver","driverVersion":"1.2.0","platform":"linux-unknown-64bit","javascriptEnabled":true,"takesScreenshot":true,"handlesAlerts":false,"databaseEnabled":false,"locationContextEnabled":false,"applicationCacheEnabled":false,"browserConnectionEnabled":false,"cssSelectorsEnabled":true,"webStorageEnabled":false,"rotatable":false,"acceptSslCerts":false,"nativeEvents":true,"proxy":{"proxyType":"direct"}}
[INFO  - 2020-04-03T03:48:16.281Z] SessionManagerReqHand - _postNewSessionCommand - New Session Created: f3508450-755d-11ea-ad98-7d988504baef
[INFO  - 2020-04-03T03:48:22.371Z] ShutdownReqHand - _handle - About to shutdown
[INFO  - 2020-04-03T03:49:13.155Z] GhostDriver - Main - running on port 15933
[INFO  - 2020-04-03T03:49:13.732Z] Session [158eff10-755e-11ea-9bc8-e349789d04c9] - page.settings - {"XSSAuditingEnabled":false,"javascriptCanCloseWindows":true,"javascriptCanOpenWindows":true,"javascriptEnabled":true,"loadImages":true,"localToRemoteUrlAccessEnabled":false,"userAgent":"Mozilla/5.0 (Unknown; Linux x86_64) AppleWebKit/538.1 (KHTML, like Gecko) PhantomJS/2.1.1 Safari/538.1","webSecurityEnabled":true}
[INFO  - 2020-04-03T03:49:13.732Z] Session [158eff10-755e-11ea-9bc8-e349789d04c9] - page.customHeaders:  - {}
[INFO  - 2020-04-03T03:49:13.732Z] Session [158eff10-755e-11ea-9bc8-e349789d04c9] - Session.negotiatedCapabilities - {"browserName":"phantomjs","version":"2.1.1","driverName":"ghostdriver","driverVersion":"1.2.0","platform":"linux-unknown-64bit","javascriptEnabled":true,"takesScreenshot":true,"handlesAlerts":false,"databaseEnabled":false,"locationContextEnabled":false,"applicationCacheEnabled":false,"browserConnectionEnabled":false,"cssSelectorsEnabled":true,"webStorageEnabled":false,"rotatable":false,"acceptSslCerts":false,"nativeEvents":true,"proxy":{"proxyType":"direct"}}
[INFO  - 2020-04-03T03:49:13.732Z] SessionManagerReqHand - _postNewSessionCommand - New Session Created: 158eff10-755e-11ea-9bc8-e349789d04c9
[ERROR - 2020-04-03T03:49:15.386Z] Session [158eff10-755e-11ea-9bc8-e349789d04c9] - page.onError - msg: TypeError: undefined is not an object (evaluating 'navigator.languages.length')
[ERROR - 2020-04-03T03:49:15.386Z] Session [158eff10-755e-11ea-9bc8-e349789d04c9] - page.onError - stack:
  Kt (https://stc.za.zaloapp.com/v3/za.js?18355:1)
  Bt (https://stc.za.zaloapp.com/v3/za.js?18355:1)
  (anonymous function) (https://stc.za.zaloapp.com/v3/za.js?18355:1)
  dispatchEvent (:0)
  mn (https://stc.za.zaloapp.com/v3/za.js?18355:1)
  success (https://stc.za.zaloapp.com/v3/za.js?18355:1)
  (anonymous function) (https://stc.za.zaloapp.com/v3/za.js?18355:1)
[ERROR - 2020-04-03T03:49:15.713Z] Session [158eff10-755e-11ea-9bc8-e349789d04c9] - page.onError - msg: TypeError: JSON.stringify cannot serialize cyclic structures.
[ERROR - 2020-04-03T03:49:15.713Z] Session [158eff10-755e-11ea-9bc8-e349789d04c9] - page.onError - stack:
  stringify (https://sp.zalo.me/plugins/sdk.js:2)
  exports (https://sp.zalo.me/plugins/sdk.js:2)
  value (https://sp.zalo.me/plugins/sdk.js:2)
  (anonymous function) (https://sp.zalo.me/plugins/sdk.js:2)
[ERROR - 2020-04-03T03:49:16.714Z] Session [158eff10-755e-11ea-9bc8-e349789d04c9] - page.onError - msg: TypeError: JSON.stringify cannot serialize cyclic structures.
[ERROR - 2020-04-03T03:49:16.714Z] Session [158eff10-755e-11ea-9bc8-e349789d04c9] - page.onError - stack:
  stringify (https://sp.zalo.me/plugins/sdk.js:2)
  exports (https://sp.zalo.me/plugins/sdk.js:2)
  value (https://sp.zalo.me/plugins/sdk.js:2)
  (anonymous function) (https://sp.zalo.me/plugins/sdk.js:2)
[ERROR - 2020-04-03T03:49:17.714Z] Session [158eff10-755e-11ea-9bc8-e349789d04c9] - page.onError - msg: TypeError: JSON.stringify cannot serialize cyclic structures.
[ERROR - 2020-04-03T03:49:17.714Z] Session [158eff10-755e-11ea-9bc8-e349789d04c9] - page.onError - stack:
  stringify (https://sp.zalo.me/plugins/sdk.js:2)
  exports (https://sp.zalo.me/plugins/sdk.js:2)
  value (https://sp.zalo.me/plugins/sdk.js:2)
  (anonymous function) (https://sp.zalo.me/plugins/sdk.js:2)
[ERROR - 2020-04-03T03:49:18.713Z] Session [158eff10-755e-11ea-9bc8-e349789d04c9] - page.onError - msg: TypeError: JSON.stringify cannot serialize cyclic structures.
[ERROR - 2020-04-03T03:49:18.713Z] Session [158eff10-755e-11ea-9bc8-e349789d04c9] - page.onError - stack:
  stringify (https://sp.zalo.me/plugins/sdk.js:2)
  exports (https://sp.zalo.me/plugins/sdk.js:2)
  value (https://sp.zalo.me/plugins/sdk.js:2)
  (anonymous function) (https://sp.zalo.me/plugins/sdk.js:2)
[ERROR - 2020-04-03T03:49:19.187Z] Session [158eff10-755e-11ea-9bc8-e349789d04c9] - page.onError - msg: TypeError: Attempting to configurable attribute of unconfigurable property.
[ERROR - 2020-04-03T03:49:19.187Z] Session [158eff10-755e-11ea-9bc8-e349789d04c9] - page.onError - stack:
  defineProperty (https://batdongsan.api.useinsider.com/ins.js?id=10002512:1)
  handler (https://batdongsan.api.useinsider.com/ins.js?id=10002512:1)
  dispatchEvent (:0)
  dispatch (https://batdongsan.api.useinsider.com/ins.js?id=10002512:1)
  (anonymous function) (https://batdongsan.api.useinsider.com/ins.js?id=10002512:1)
  getUserEventData (https://batdongsan.api.useinsider.com/ins.js?id=10002512:1)
  (anonymous function) (https://batdongsan.api.useinsider.com/ins.js?id=10002512:1)
  _sendRequests (https://batdongsan.api.useinsider.com/ins.js?id=10002512:1)
  (anonymous function) (https://batdongsan.api.useinsider.com/ins.js?id=10002512:1)
  unifyUser (https://batdongsan.api.useinsider.com/ins.js?id=10002512:1)
  (anonymous function) (https://batdongsan.api.useinsider.com/ins.js?id=10002512:1)
  initialize (https://batdongsan.api.useinsider.com/ins.js?id=10002512:1)
  (anonymous function) (https://batdongsan.api.useinsider.com/ins.js?id=10002512:1)
  initializeHitAPI (https://batdongsan.api.useinsider.com/ins.js?id=10002512:1)
  (anonymous function) (https://batdongsan.api.useinsider.com/ins.js?id=10002512:1)
  (anonymous function) (:0)
  (anonymous function) (https://batdongsan.api.useinsider.com/ins.js?id=10002512:1)
  (anonymous function) (:0)
  (anonymous function) (https://batdongsan.api.useinsider.com/ins.js?id=10002512:1)
  (anonymous function) (:0)
[ERROR - 2020-04-03T03:49:19.196Z] Session [158eff10-755e-11ea-9bc8-e349789d04c9] - page.onError - msg: TypeError: Attempting to configurable attribute of unconfigurable property.
[ERROR - 2020-04-03T03:49:19.196Z] Session [158eff10-755e-11ea-9bc8-e349789d04c9] - page.onError - stack:
  defineProperty (https://batdongsan.api.useinsider.com/ins.js?id=10002512:1)
  handler (https://batdongsan.api.useinsider.com/ins.js?id=10002512:1)
  dispatchEvent (:0)
  dispatch (https://batdongsan.api.useinsider.com/ins.js?id=10002512:1)
  (anonymous function) (https://batdongsan.api.useinsider.com/ins.js?id=10002512:1)
  (anonymous function) (https://batdongsan.api.useinsider.com/ins.js?id=10002512:1)
[INFO  - 2020-04-03T03:49:21.334Z] ShutdownReqHand - _handle - About to shutdown
[INFO  - 2020-04-03T03:50:29.309Z] GhostDriver - Main - running on port 25267
[INFO  - 2020-04-03T03:50:29.854Z] Session [42ee23a0-755e-11ea-bcfd-b53165c57eee] - page.settings - {"XSSAuditingEnabled":false,"javascriptCanCloseWindows":true,"javascriptCanOpenWindows":true,"javascriptEnabled":true,"loadImages":true,"localToRemoteUrlAccessEnabled":false,"userAgent":"Mozilla/5.0 (Unknown; Linux x86_64) AppleWebKit/538.1 (KHTML, like Gecko) PhantomJS/2.1.1 Safari/538.1","webSecurityEnabled":true}
[INFO  - 2020-04-03T03:50:29.854Z] Session [42ee23a0-755e-11ea-bcfd-b53165c57eee] - page.customHeaders:  - {}
[INFO  - 2020-04-03T03:50:29.854Z] Session [42ee23a0-755e-11ea-bcfd-b53165c57eee] - Session.negotiatedCapabilities - {"browserName":"phantomjs","version":"2.1.1","driverName":"ghostdriver","driverVersion":"1.2.0","platform":"linux-unknown-64bit","javascriptEnabled":true,"takesScreenshot":true,"handlesAlerts":false,"databaseEnabled":false,"locationContextEnabled":false,"applicationCacheEnabled":false,"browserConnectionEnabled":false,"cssSelectorsEnabled":true,"webStorageEnabled":false,"rotatable":false,"acceptSslCerts":false,"nativeEvents":true,"proxy":{"proxyType":"direct"}}
[INFO  - 2020-04-03T03:50:29.855Z] SessionManagerReqHand - _postNewSessionCommand - New Session Created: 42ee23a0-755e-11ea-bcfd-b53165c57eee
[ERROR - 2020-04-03T03:50:31.182Z] Session [42ee23a0-755e-11ea-bcfd-b53165c57eee] - page.onError - msg: TypeError: undefined is not an object (evaluating 'navigator.languages.length')
[ERROR - 2020-04-03T03:50:31.182Z] Session [42ee23a0-755e-11ea-bcfd-b53165c57eee] - page.onError - stack:
  Kt (https://stc.za.zaloapp.com/v3/za.js?18355:1)
  Bt (https://stc.za.zaloapp.com/v3/za.js?18355:1)
  (anonymous function) (https://stc.za.zaloapp.com/v3/za.js?18355:1)
  dispatchEvent (:0)
  mn (https://stc.za.zaloapp.com/v3/za.js?18355:1)
  success (https://stc.za.zaloapp.com/v3/za.js?18355:1)
  (anonymous function) (https://stc.za.zaloapp.com/v3/za.js?18355:1)
[ERROR - 2020-04-03T03:50:31.856Z] Session [42ee23a0-755e-11ea-bcfd-b53165c57eee] - page.onError - msg: TypeError: JSON.stringify cannot serialize cyclic structures.
[ERROR - 2020-04-03T03:50:31.856Z] Session [42ee23a0-755e-11ea-bcfd-b53165c57eee] - page.onError - stack:
  stringify (https://sp.zalo.me/plugins/sdk.js:2)
  exports (https://sp.zalo.me/plugins/sdk.js:2)
  value (https://sp.zalo.me/plugins/sdk.js:2)
  (anonymous function) (https://sp.zalo.me/plugins/sdk.js:2)
[ERROR - 2020-04-03T03:50:32.813Z] Session [42ee23a0-755e-11ea-bcfd-b53165c57eee] - page.onError - msg: TypeError: JSON.stringify cannot serialize cyclic structures.
[ERROR - 2020-04-03T03:50:32.813Z] Session [42ee23a0-755e-11ea-bcfd-b53165c57eee] - page.onError - stack:
  stringify (https://sp.zalo.me/plugins/sdk.js:2)
  exports (https://sp.zalo.me/plugins/sdk.js:2)
  value (https://sp.zalo.me/plugins/sdk.js:2)
  (anonymous function) (https://sp.zalo.me/plugins/sdk.js:2)
[ERROR - 2020-04-03T03:50:33.813Z] Session [42ee23a0-755e-11ea-bcfd-b53165c57eee] - page.onError - msg: TypeError: JSON.stringify cannot serialize cyclic structures.
[ERROR - 2020-04-03T03:50:33.813Z] Session [42ee23a0-755e-11ea-bcfd-b53165c57eee] - page.onError - stack:
  stringify (https://sp.zalo.me/plugins/sdk.js:2)
  exports (https://sp.zalo.me/plugins/sdk.js:2)
  value (https://sp.zalo.me/plugins/sdk.js:2)
  (anonymous function) (https://sp.zalo.me/plugins/sdk.js:2)
[ERROR - 2020-04-03T03:50:34.815Z] Session [42ee23a0-755e-11ea-bcfd-b53165c57eee] - page.onError - msg: TypeError: JSON.stringify cannot serialize cyclic structures.
[ERROR - 2020-04-03T03:50:34.815Z] Session [42ee23a0-755e-11ea-bcfd-b53165c57eee] - page.onError - stack:
  stringify (https://sp.zalo.me/plugins/sdk.js:2)
  exports (https://sp.zalo.me/plugins/sdk.js:2)
  value (https://sp.zalo.me/plugins/sdk.js:2)
  (anonymous function) (https://sp.zalo.me/plugins/sdk.js:2)
[ERROR - 2020-04-03T03:50:34.978Z] Session [42ee23a0-755e-11ea-bcfd-b53165c57eee] - page.onError - msg: TypeError: Attempting to configurable attribute of unconfigurable property.
[ERROR - 2020-04-03T03:50:34.978Z] Session [42ee23a0-755e-11ea-bcfd-b53165c57eee] - page.onError - stack:
  defineProperty (https://batdongsan.api.useinsider.com/ins.js?id=10002512:1)
  handler (https://batdongsan.api.useinsider.com/ins.js?id=10002512:1)
  dispatchEvent (:0)
  dispatch (https://batdongsan.api.useinsider.com/ins.js?id=10002512:1)
  (anonymous function) (https://batdongsan.api.useinsider.com/ins.js?id=10002512:1)
  getUserEventData (https://batdongsan.api.useinsider.com/ins.js?id=10002512:1)
  (anonymous function) (https://batdongsan.api.useinsider.com/ins.js?id=10002512:1)
  _sendRequests (https://batdongsan.api.useinsider.com/ins.js?id=10002512:1)
  (anonymous function) (https://batdongsan.api.useinsider.com/ins.js?id=10002512:1)
  unifyUser (https://batdongsan.api.useinsider.com/ins.js?id=10002512:1)
  (anonymous function) (https://batdongsan.api.useinsider.com/ins.js?id=10002512:1)
  initialize (https://batdongsan.api.useinsider.com/ins.js?id=10002512:1)
  (anonymous function) (https://batdongsan.api.useinsider.com/ins.js?id=10002512:1)
  initializeHitAPI (https://batdongsan.api.useinsider.com/ins.js?id=10002512:1)
  (anonymous function) (https://batdongsan.api.useinsider.com/ins.js?id=10002512:1)
  (anonymous function) (:0)
  (anonymous function) (https://batdongsan.api.useinsider.com/ins.js?id=10002512:1)
  (anonymous function) (:0)
  (anonymous function) (https://batdongsan.api.useinsider.com/ins.js?id=10002512:1)
  (anonymous function) (:0)
[ERROR - 2020-04-03T03:50:34.987Z] Session [42ee23a0-755e-11ea-bcfd-b53165c57eee] - page.onError - msg: TypeError: Attempting to configurable attribute of unconfigurable property.
[ERROR - 2020-04-03T03:50:34.987Z] Session [42ee23a0-755e-11ea-bcfd-b53165c57eee] - page.onError - stack:
  defineProperty (https://batdongsan.api.useinsider.com/ins.js?id=10002512:1)
  handler (https://batdongsan.api.useinsider.com/ins.js?id=10002512:1)
  dispatchEvent (:0)
  dispatch (https://batdongsan.api.useinsider.com/ins.js?id=10002512:1)
  (anonymous function) (https://batdongsan.api.useinsider.com/ins.js?id=10002512:1)
  (anonymous function) (https://batdongsan.api.useinsider.com/ins.js?id=10002512:1)
[INFO  - 2020-04-03T03:50:35.052Z] ShutdownReqHand - _handle - About to shutdown
[INFO  - 2020-04-03T03:50:41.222Z] GhostDriver - Main - running on port 6552
[INFO  - 2020-04-03T03:50:41.754Z] Session [4a063d80-755e-11ea-9fc4-0db056883229] - page.settings - {"XSSAuditingEnabled":false,"javascriptCanCloseWindows":true,"javascriptCanOpenWindows":true,"javascriptEnabled":true,"loadImages":true,"localToRemoteUrlAccessEnabled":false,"userAgent":"Mozilla/5.0 (Unknown; Linux x86_64) AppleWebKit/538.1 (KHTML, like Gecko) PhantomJS/2.1.1 Safari/538.1","webSecurityEnabled":true}
[INFO  - 2020-04-03T03:50:41.754Z] Session [4a063d80-755e-11ea-9fc4-0db056883229] - page.customHeaders:  - {}
[INFO  - 2020-04-03T03:50:41.755Z] Session [4a063d80-755e-11ea-9fc4-0db056883229] - Session.negotiatedCapabilities - {"browserName":"phantomjs","version":"2.1.1","driverName":"ghostdriver","driverVersion":"1.2.0","platform":"linux-unknown-64bit","javascriptEnabled":true,"takesScreenshot":true,"handlesAlerts":false,"databaseEnabled":false,"locationContextEnabled":false,"applicationCacheEnabled":false,"browserConnectionEnabled":false,"cssSelectorsEnabled":true,"webStorageEnabled":false,"rotatable":false,"acceptSslCerts":false,"nativeEvents":true,"proxy":{"proxyType":"direct"}}
[INFO  - 2020-04-03T03:50:41.755Z] SessionManagerReqHand - _postNewSessionCommand - New Session Created: 4a063d80-755e-11ea-9fc4-0db056883229
[ERROR - 2020-04-03T03:50:42.824Z] Session [4a063d80-755e-11ea-9fc4-0db056883229] - page.onError - msg: TypeError: undefined is not an object (evaluating 'navigator.languages.length')
[ERROR - 2020-04-03T03:50:42.824Z] Session [4a063d80-755e-11ea-9fc4-0db056883229] - page.onError - stack:
  Kt (https://stc.za.zaloapp.com/v3/za.js?18355:1)
  Bt (https://stc.za.zaloapp.com/v3/za.js?18355:1)
  (anonymous function) (https://stc.za.zaloapp.com/v3/za.js?18355:1)
  dispatchEvent (:0)
  mn (https://stc.za.zaloapp.com/v3/za.js?18355:1)
  success (https://stc.za.zaloapp.com/v3/za.js?18355:1)
  (anonymous function) (https://stc.za.zaloapp.com/v3/za.js?18355:1)
[ERROR - 2020-04-03T03:50:43.559Z] Session [4a063d80-755e-11ea-9fc4-0db056883229] - page.onError - msg: TypeError: JSON.stringify cannot serialize cyclic structures.
[ERROR - 2020-04-03T03:50:43.559Z] Session [4a063d80-755e-11ea-9fc4-0db056883229] - page.onError - stack:
  stringify (https://sp.zalo.me/plugins/sdk.js:2)
  exports (https://sp.zalo.me/plugins/sdk.js:2)
  value (https://sp.zalo.me/plugins/sdk.js:2)
  (anonymous function) (https://sp.zalo.me/plugins/sdk.js:2)
[ERROR - 2020-04-03T03:50:44.560Z] Session [4a063d80-755e-11ea-9fc4-0db056883229] - page.onError - msg: TypeError: JSON.stringify cannot serialize cyclic structures.
[ERROR - 2020-04-03T03:50:44.560Z] Session [4a063d80-755e-11ea-9fc4-0db056883229] - page.onError - stack:
  stringify (https://sp.zalo.me/plugins/sdk.js:2)
  exports (https://sp.zalo.me/plugins/sdk.js:2)
  value (https://sp.zalo.me/plugins/sdk.js:2)
  (anonymous function) (https://sp.zalo.me/plugins/sdk.js:2)
[ERROR - 2020-04-03T03:50:45.560Z] Session [4a063d80-755e-11ea-9fc4-0db056883229] - page.onError - msg: TypeError: JSON.stringify cannot serialize cyclic structures.
[ERROR - 2020-04-03T03:50:45.560Z] Session [4a063d80-755e-11ea-9fc4-0db056883229] - page.onError - stack:
  stringify (https://sp.zalo.me/plugins/sdk.js:2)
  exports (https://sp.zalo.me/plugins/sdk.js:2)
  value (https://sp.zalo.me/plugins/sdk.js:2)
  (anonymous function) (https://sp.zalo.me/plugins/sdk.js:2)
[ERROR - 2020-04-03T03:50:46.560Z] Session [4a063d80-755e-11ea-9fc4-0db056883229] - page.onError - msg: TypeError: JSON.stringify cannot serialize cyclic structures.
[ERROR - 2020-04-03T03:50:46.560Z] Session [4a063d80-755e-11ea-9fc4-0db056883229] - page.onError - stack:
  stringify (https://sp.zalo.me/plugins/sdk.js:2)
  exports (https://sp.zalo.me/plugins/sdk.js:2)
  value (https://sp.zalo.me/plugins/sdk.js:2)
  (anonymous function) (https://sp.zalo.me/plugins/sdk.js:2)
[ERROR - 2020-04-03T03:50:46.783Z] Session [4a063d80-755e-11ea-9fc4-0db056883229] - page.onError - msg: TypeError: Attempting to configurable attribute of unconfigurable property.
[ERROR - 2020-04-03T03:50:46.783Z] Session [4a063d80-755e-11ea-9fc4-0db056883229] - page.onError - stack:
  defineProperty (https://batdongsan.api.useinsider.com/ins.js?id=10002512:1)
  handler (https://batdongsan.api.useinsider.com/ins.js?id=10002512:1)
  dispatchEvent (:0)
  dispatch (https://batdongsan.api.useinsider.com/ins.js?id=10002512:1)
  (anonymous function) (https://batdongsan.api.useinsider.com/ins.js?id=10002512:1)
  getUserEventData (https://batdongsan.api.useinsider.com/ins.js?id=10002512:1)
  (anonymous function) (https://batdongsan.api.useinsider.com/ins.js?id=10002512:1)
  _sendRequests (https://batdongsan.api.useinsider.com/ins.js?id=10002512:1)
  (anonymous function) (https://batdongsan.api.useinsider.com/ins.js?id=10002512:1)
  unifyUser (https://batdongsan.api.useinsider.com/ins.js?id=10002512:1)
  (anonymous function) (https://batdongsan.api.useinsider.com/ins.js?id=10002512:1)
  initialize (https://batdongsan.api.useinsider.com/ins.js?id=10002512:1)
  (anonymous function) (https://batdongsan.api.useinsider.com/ins.js?id=10002512:1)
  initializeHitAPI (https://batdongsan.api.useinsider.com/ins.js?id=10002512:1)
  (anonymous function) (https://batdongsan.api.useinsider.com/ins.js?id=10002512:1)
  (anonymous function) (:0)
  (anonymous function) (https://batdongsan.api.useinsider.com/ins.js?id=10002512:1)
  (anonymous function) (:0)
  (anonymous function) (https://batdongsan.api.useinsider.com/ins.js?id=10002512:1)
  (anonymous function) (:0)
[ERROR - 2020-04-03T03:50:46.792Z] Session [4a063d80-755e-11ea-9fc4-0db056883229] - page.onError - msg: TypeError: Attempting to configurable attribute of unconfigurable property.
[ERROR - 2020-04-03T03:50:46.792Z] Session [4a063d80-755e-11ea-9fc4-0db056883229] - page.onError - stack:
  defineProperty (https://batdongsan.api.useinsider.com/ins.js?id=10002512:1)
  handler (https://batdongsan.api.useinsider.com/ins.js?id=10002512:1)
  dispatchEvent (:0)
  dispatch (https://batdongsan.api.useinsider.com/ins.js?id=10002512:1)
  (anonymous function) (https://batdongsan.api.useinsider.com/ins.js?id=10002512:1)
  (anonymous function) (https://batdongsan.api.useinsider.com/ins.js?id=10002512:1)
[INFO  - 2020-04-03T03:50:48.416Z] ShutdownReqHand - _handle - About to shutdown
[INFO  - 2020-04-03T04:04:08.747Z] GhostDriver - Main - running on port 18948
[INFO  - 2020-04-03T04:04:09.291Z] Session [2b5a9b90-7560-11ea-9309-35e6ef607a83] - page.settings - {"XSSAuditingEnabled":false,"javascriptCanCloseWindows":true,"javascriptCanOpenWindows":true,"javascriptEnabled":true,"loadImages":true,"localToRemoteUrlAccessEnabled":false,"userAgent":"Mozilla/5.0 (Unknown; Linux x86_64) AppleWebKit/538.1 (KHTML, like Gecko) PhantomJS/2.1.1 Safari/538.1","webSecurityEnabled":true}
[INFO  - 2020-04-03T04:04:09.291Z] Session [2b5a9b90-7560-11ea-9309-35e6ef607a83] - page.customHeaders:  - {}
[INFO  - 2020-04-03T04:04:09.291Z] Session [2b5a9b90-7560-11ea-9309-35e6ef607a83] - Session.negotiatedCapabilities - {"browserName":"phantomjs","version":"2.1.1","driverName":"ghostdriver","driverVersion":"1.2.0","platform":"linux-unknown-64bit","javascriptEnabled":true,"takesScreenshot":true,"handlesAlerts":false,"databaseEnabled":false,"locationContextEnabled":false,"applicationCacheEnabled":false,"browserConnectionEnabled":false,"cssSelectorsEnabled":true,"webStorageEnabled":false,"rotatable":false,"acceptSslCerts":false,"nativeEvents":true,"proxy":{"proxyType":"direct"}}
[INFO  - 2020-04-03T04:04:09.292Z] SessionManagerReqHand - _postNewSessionCommand - New Session Created: 2b5a9b90-7560-11ea-9309-35e6ef607a83
[ERROR - 2020-04-03T04:04:11.631Z] Session [2b5a9b90-7560-11ea-9309-35e6ef607a83] - page.onError - msg: TypeError: undefined is not an object (evaluating 'navigator.languages.length')
[ERROR - 2020-04-03T04:04:11.631Z] Session [2b5a9b90-7560-11ea-9309-35e6ef607a83] - page.onError - stack:
  Kt (https://stc.za.zaloapp.com/v3/za.js?18355:1)
  Bt (https://stc.za.zaloapp.com/v3/za.js?18355:1)
  (anonymous function) (https://stc.za.zaloapp.com/v3/za.js?18355:1)
  dispatchEvent (:0)
  mn (https://stc.za.zaloapp.com/v3/za.js?18355:1)
  success (https://stc.za.zaloapp.com/v3/za.js?18355:1)
  (anonymous function) (https://stc.za.zaloapp.com/v3/za.js?18355:1)
[ERROR - 2020-04-03T04:04:12.266Z] Session [2b5a9b90-7560-11ea-9309-35e6ef607a83] - page.onError - msg: TypeError: JSON.stringify cannot serialize cyclic structures.
[ERROR - 2020-04-03T04:04:12.266Z] Session [2b5a9b90-7560-11ea-9309-35e6ef607a83] - page.onError - stack:
  stringify (https://sp.zalo.me/plugins/sdk.js:2)
  exports (https://sp.zalo.me/plugins/sdk.js:2)
  value (https://sp.zalo.me/plugins/sdk.js:2)
  (anonymous function) (https://sp.zalo.me/plugins/sdk.js:2)
[ERROR - 2020-04-03T04:04:13.225Z] Session [2b5a9b90-7560-11ea-9309-35e6ef607a83] - page.onError - msg: TypeError: JSON.stringify cannot serialize cyclic structures.
[ERROR - 2020-04-03T04:04:13.225Z] Session [2b5a9b90-7560-11ea-9309-35e6ef607a83] - page.onError - stack:
  stringify (https://sp.zalo.me/plugins/sdk.js:2)
  exports (https://sp.zalo.me/plugins/sdk.js:2)
  value (https://sp.zalo.me/plugins/sdk.js:2)
  (anonymous function) (https://sp.zalo.me/plugins/sdk.js:2)
[INFO  - 2020-04-03T04:04:13.600Z] ShutdownReqHand - _handle - About to shutdown
[INFO  - 2020-04-03T04:05:46.439Z] GhostDriver - Main - running on port 10965
[INFO  - 2020-04-03T04:05:46.977Z] Session [65944ef0-7560-11ea-8a97-bb9104c86eef] - page.settings - {"XSSAuditingEnabled":false,"javascriptCanCloseWindows":true,"javascriptCanOpenWindows":true,"javascriptEnabled":true,"loadImages":true,"localToRemoteUrlAccessEnabled":false,"userAgent":"Mozilla/5.0 (Unknown; Linux x86_64) AppleWebKit/538.1 (KHTML, like Gecko) PhantomJS/2.1.1 Safari/538.1","webSecurityEnabled":true}
[INFO  - 2020-04-03T04:05:46.977Z] Session [65944ef0-7560-11ea-8a97-bb9104c86eef] - page.customHeaders:  - {}
[INFO  - 2020-04-03T04:05:46.978Z] Session [65944ef0-7560-11ea-8a97-bb9104c86eef] - Session.negotiatedCapabilities - {"browserName":"phantomjs","version":"2.1.1","driverName":"ghostdriver","driverVersion":"1.2.0","platform":"linux-unknown-64bit","javascriptEnabled":true,"takesScreenshot":true,"handlesAlerts":false,"databaseEnabled":false,"locationContextEnabled":false,"applicationCacheEnabled":false,"browserConnectionEnabled":false,"cssSelectorsEnabled":true,"webStorageEnabled":false,"rotatable":false,"acceptSslCerts":false,"nativeEvents":true,"proxy":{"proxyType":"direct"}}
[INFO  - 2020-04-03T04:05:46.978Z] SessionManagerReqHand - _postNewSessionCommand - New Session Created: 65944ef0-7560-11ea-8a97-bb9104c86eef
[ERROR - 2020-04-03T04:05:48.266Z] Session [65944ef0-7560-11ea-8a97-bb9104c86eef] - page.onError - msg: TypeError: undefined is not an object (evaluating 'navigator.languages.length')
[ERROR - 2020-04-03T04:05:48.266Z] Session [65944ef0-7560-11ea-8a97-bb9104c86eef] - page.onError - stack:
  Kt (https://stc.za.zaloapp.com/v3/za.js?18355:1)
  Bt (https://stc.za.zaloapp.com/v3/za.js?18355:1)
  (anonymous function) (https://stc.za.zaloapp.com/v3/za.js?18355:1)
  dispatchEvent (:0)
  mn (https://stc.za.zaloapp.com/v3/za.js?18355:1)
  success (https://stc.za.zaloapp.com/v3/za.js?18355:1)
  (anonymous function) (https://stc.za.zaloapp.com/v3/za.js?18355:1)
[ERROR - 2020-04-03T04:05:48.877Z] Session [65944ef0-7560-11ea-8a97-bb9104c86eef] - page.onError - msg: TypeError: JSON.stringify cannot serialize cyclic structures.
[ERROR - 2020-04-03T04:05:48.878Z] Session [65944ef0-7560-11ea-8a97-bb9104c86eef] - page.onError - stack:
  stringify (https://sp.zalo.me/plugins/sdk.js:2)
  exports (https://sp.zalo.me/plugins/sdk.js:2)
  value (https://sp.zalo.me/plugins/sdk.js:2)
  (anonymous function) (https://sp.zalo.me/plugins/sdk.js:2)
[ERROR - 2020-04-03T04:05:49.877Z] Session [65944ef0-7560-11ea-8a97-bb9104c86eef] - page.onError - msg: TypeError: JSON.stringify cannot serialize cyclic structures.
[ERROR - 2020-04-03T04:05:49.877Z] Session [65944ef0-7560-11ea-8a97-bb9104c86eef] - page.onError - stack:
  stringify (https://sp.zalo.me/plugins/sdk.js:2)
  exports (https://sp.zalo.me/plugins/sdk.js:2)
  value (https://sp.zalo.me/plugins/sdk.js:2)
  (anonymous function) (https://sp.zalo.me/plugins/sdk.js:2)
[ERROR - 2020-04-03T04:05:50.877Z] Session [65944ef0-7560-11ea-8a97-bb9104c86eef] - page.onError - msg: TypeError: JSON.stringify cannot serialize cyclic structures.
[ERROR - 2020-04-03T04:05:50.877Z] Session [65944ef0-7560-11ea-8a97-bb9104c86eef] - page.onError - stack:
  stringify (https://sp.zalo.me/plugins/sdk.js:2)
  exports (https://sp.zalo.me/plugins/sdk.js:2)
  value (https://sp.zalo.me/plugins/sdk.js:2)
  (anonymous function) (https://sp.zalo.me/plugins/sdk.js:2)
[INFO  - 2020-04-03T04:05:51.544Z] ShutdownReqHand - _handle - About to shutdown
[INFO  - 2020-04-03T04:08:48.191Z] GhostDriver - Main - running on port 4384
[INFO  - 2020-04-03T04:08:48.742Z] Session [d1eb4b30-7560-11ea-98a6-7b7d6a64c74f] - page.settings - {"XSSAuditingEnabled":false,"javascriptCanCloseWindows":true,"javascriptCanOpenWindows":true,"javascriptEnabled":true,"loadImages":true,"localToRemoteUrlAccessEnabled":false,"userAgent":"Mozilla/5.0 (Unknown; Linux x86_64) AppleWebKit/538.1 (KHTML, like Gecko) PhantomJS/2.1.1 Safari/538.1","webSecurityEnabled":true}
[INFO  - 2020-04-03T04:08:48.742Z] Session [d1eb4b30-7560-11ea-98a6-7b7d6a64c74f] - page.customHeaders:  - {}
[INFO  - 2020-04-03T04:08:48.743Z] Session [d1eb4b30-7560-11ea-98a6-7b7d6a64c74f] - Session.negotiatedCapabilities - {"browserName":"phantomjs","version":"2.1.1","driverName":"ghostdriver","driverVersion":"1.2.0","platform":"linux-unknown-64bit","javascriptEnabled":true,"takesScreenshot":true,"handlesAlerts":false,"databaseEnabled":false,"locationContextEnabled":false,"applicationCacheEnabled":false,"browserConnectionEnabled":false,"cssSelectorsEnabled":true,"webStorageEnabled":false,"rotatable":false,"acceptSslCerts":false,"nativeEvents":true,"proxy":{"proxyType":"direct"}}
[INFO  - 2020-04-03T04:08:48.745Z] SessionManagerReqHand - _postNewSessionCommand - New Session Created: d1eb4b30-7560-11ea-98a6-7b7d6a64c74f
[ERROR - 2020-04-03T04:08:50.117Z] Session [d1eb4b30-7560-11ea-98a6-7b7d6a64c74f] - page.onError - msg: TypeError: undefined is not an object (evaluating 'navigator.languages.length')
[ERROR - 2020-04-03T04:08:50.117Z] Session [d1eb4b30-7560-11ea-98a6-7b7d6a64c74f] - page.onError - stack:
  Kt (https://stc.za.zaloapp.com/v3/za.js?18355:1)
  Bt (https://stc.za.zaloapp.com/v3/za.js?18355:1)
  (anonymous function) (https://stc.za.zaloapp.com/v3/za.js?18355:1)
  dispatchEvent (:0)
  mn (https://stc.za.zaloapp.com/v3/za.js?18355:1)
  success (https://stc.za.zaloapp.com/v3/za.js?18355:1)
  (anonymous function) (https://stc.za.zaloapp.com/v3/za.js?18355:1)
[ERROR - 2020-04-03T04:08:50.618Z] Session [d1eb4b30-7560-11ea-98a6-7b7d6a64c74f] - page.onError - msg: TypeError: JSON.stringify cannot serialize cyclic structures.
[ERROR - 2020-04-03T04:08:50.618Z] Session [d1eb4b30-7560-11ea-98a6-7b7d6a64c74f] - page.onError - stack:
  stringify (https://sp.zalo.me/plugins/sdk.js:2)
  exports (https://sp.zalo.me/plugins/sdk.js:2)
  value (https://sp.zalo.me/plugins/sdk.js:2)
  (anonymous function) (https://sp.zalo.me/plugins/sdk.js:2)
[ERROR - 2020-04-03T04:08:51.598Z] Session [d1eb4b30-7560-11ea-98a6-7b7d6a64c74f] - page.onError - msg: TypeError: JSON.stringify cannot serialize cyclic structures.
[ERROR - 2020-04-03T04:08:51.598Z] Session [d1eb4b30-7560-11ea-98a6-7b7d6a64c74f] - page.onError - stack:
  stringify (https://sp.zalo.me/plugins/sdk.js:2)
  exports (https://sp.zalo.me/plugins/sdk.js:2)
  value (https://sp.zalo.me/plugins/sdk.js:2)
  (anonymous function) (https://sp.zalo.me/plugins/sdk.js:2)
[INFO  - 2020-04-03T04:08:52.055Z] ShutdownReqHand - _handle - About to shutdown
[INFO  - 2020-04-03T04:20:11.844Z] GhostDriver - Main - running on port 20955
[INFO  - 2020-04-03T04:20:12.374Z] Session [69654230-7562-11ea-8da9-b533d281778a] - page.settings - {"XSSAuditingEnabled":false,"javascriptCanCloseWindows":true,"javascriptCanOpenWindows":true,"javascriptEnabled":true,"loadImages":true,"localToRemoteUrlAccessEnabled":false,"userAgent":"Mozilla/5.0 (Unknown; Linux x86_64) AppleWebKit/538.1 (KHTML, like Gecko) PhantomJS/2.1.1 Safari/538.1","webSecurityEnabled":true}
[INFO  - 2020-04-03T04:20:12.374Z] Session [69654230-7562-11ea-8da9-b533d281778a] - page.customHeaders:  - {}
[INFO  - 2020-04-03T04:20:12.374Z] Session [69654230-7562-11ea-8da9-b533d281778a] - Session.negotiatedCapabilities - {"browserName":"phantomjs","version":"2.1.1","driverName":"ghostdriver","driverVersion":"1.2.0","platform":"linux-unknown-64bit","javascriptEnabled":true,"takesScreenshot":true,"handlesAlerts":false,"databaseEnabled":false,"locationContextEnabled":false,"applicationCacheEnabled":false,"browserConnectionEnabled":false,"cssSelectorsEnabled":true,"webStorageEnabled":false,"rotatable":false,"acceptSslCerts":false,"nativeEvents":true,"proxy":{"proxyType":"direct"}}
[INFO  - 2020-04-03T04:20:12.374Z] SessionManagerReqHand - _postNewSessionCommand - New Session Created: 69654230-7562-11ea-8da9-b533d281778a
[ERROR - 2020-04-03T04:20:13.646Z] Session [69654230-7562-11ea-8da9-b533d281778a] - page.onError - msg: TypeError: undefined is not an object (evaluating 'navigator.languages.length')
[ERROR - 2020-04-03T04:20:13.647Z] Session [69654230-7562-11ea-8da9-b533d281778a] - page.onError - stack:
  Kt (https://stc.za.zaloapp.com/v3/za.js?18355:1)
  Bt (https://stc.za.zaloapp.com/v3/za.js?18355:1)
  (anonymous function) (https://stc.za.zaloapp.com/v3/za.js?18355:1)
  dispatchEvent (:0)
  mn (https://stc.za.zaloapp.com/v3/za.js?18355:1)
  success (https://stc.za.zaloapp.com/v3/za.js?18355:1)
  (anonymous function) (https://stc.za.zaloapp.com/v3/za.js?18355:1)
[ERROR - 2020-04-03T04:20:14.239Z] Session [69654230-7562-11ea-8da9-b533d281778a] - page.onError - msg: TypeError: JSON.stringify cannot serialize cyclic structures.
[ERROR - 2020-04-03T04:20:14.240Z] Session [69654230-7562-11ea-8da9-b533d281778a] - page.onError - stack:
  stringify (https://sp.zalo.me/plugins/sdk.js:2)
  exports (https://sp.zalo.me/plugins/sdk.js:2)
  value (https://sp.zalo.me/plugins/sdk.js:2)
  (anonymous function) (https://sp.zalo.me/plugins/sdk.js:2)
[ERROR - 2020-04-03T04:20:15.212Z] Session [69654230-7562-11ea-8da9-b533d281778a] - page.onError - msg: TypeError: JSON.stringify cannot serialize cyclic structures.
[ERROR - 2020-04-03T04:20:15.212Z] Session [69654230-7562-11ea-8da9-b533d281778a] - page.onError - stack:
  stringify (https://sp.zalo.me/plugins/sdk.js:2)
  exports (https://sp.zalo.me/plugins/sdk.js:2)
  value (https://sp.zalo.me/plugins/sdk.js:2)
  (anonymous function) (https://sp.zalo.me/plugins/sdk.js:2)
[ERROR - 2020-04-03T04:20:16.211Z] Session [69654230-7562-11ea-8da9-b533d281778a] - page.onError - msg: TypeError: JSON.stringify cannot serialize cyclic structures.
[ERROR - 2020-04-03T04:20:16.211Z] Session [69654230-7562-11ea-8da9-b533d281778a] - page.onError - stack:
  stringify (https://sp.zalo.me/plugins/sdk.js:2)
  exports (https://sp.zalo.me/plugins/sdk.js:2)
  value (https://sp.zalo.me/plugins/sdk.js:2)
  (anonymous function) (https://sp.zalo.me/plugins/sdk.js:2)
[ERROR - 2020-04-03T04:20:17.212Z] Session [69654230-7562-11ea-8da9-b533d281778a] - page.onError - msg: TypeError: JSON.stringify cannot serialize cyclic structures.
[ERROR - 2020-04-03T04:20:17.212Z] Session [69654230-7562-11ea-8da9-b533d281778a] - page.onError - stack:
  stringify (https://sp.zalo.me/plugins/sdk.js:2)
  exports (https://sp.zalo.me/plugins/sdk.js:2)
  value (https://sp.zalo.me/plugins/sdk.js:2)
  (anonymous function) (https://sp.zalo.me/plugins/sdk.js:2)
[ERROR - 2020-04-03T04:20:17.321Z] Session [69654230-7562-11ea-8da9-b533d281778a] - page.onError - msg: TypeError: Attempting to configurable attribute of unconfigurable property.
[ERROR - 2020-04-03T04:20:17.321Z] Session [69654230-7562-11ea-8da9-b533d281778a] - page.onError - stack:
  defineProperty (https://batdongsan.api.useinsider.com/ins.js?id=10002512:1)
  handler (https://batdongsan.api.useinsider.com/ins.js?id=10002512:1)
  dispatchEvent (:0)
  dispatch (https://batdongsan.api.useinsider.com/ins.js?id=10002512:1)
  (anonymous function) (https://batdongsan.api.useinsider.com/ins.js?id=10002512:1)
  getUserEventData (https://batdongsan.api.useinsider.com/ins.js?id=10002512:1)
  (anonymous function) (https://batdongsan.api.useinsider.com/ins.js?id=10002512:1)
  _sendRequests (https://batdongsan.api.useinsider.com/ins.js?id=10002512:1)
  (anonymous function) (https://batdongsan.api.useinsider.com/ins.js?id=10002512:1)
  unifyUser (https://batdongsan.api.useinsider.com/ins.js?id=10002512:1)
  (anonymous function) (https://batdongsan.api.useinsider.com/ins.js?id=10002512:1)
  initialize (https://batdongsan.api.useinsider.com/ins.js?id=10002512:1)
  (anonymous function) (https://batdongsan.api.useinsider.com/ins.js?id=10002512:1)
  initializeHitAPI (https://batdongsan.api.useinsider.com/ins.js?id=10002512:1)
  (anonymous function) (https://batdongsan.api.useinsider.com/ins.js?id=10002512:1)
  (anonymous function) (:0)
  (anonymous function) (https://batdongsan.api.useinsider.com/ins.js?id=10002512:1)
  (anonymous function) (:0)
  (anonymous function) (https://batdongsan.api.useinsider.com/ins.js?id=10002512:1)
  (anonymous function) (:0)
[ERROR - 2020-04-03T04:20:17.329Z] Session [69654230-7562-11ea-8da9-b533d281778a] - page.onError - msg: TypeError: Attempting to configurable attribute of unconfigurable property.
[ERROR - 2020-04-03T04:20:17.329Z] Session [69654230-7562-11ea-8da9-b533d281778a] - page.onError - stack:
  defineProperty (https://batdongsan.api.useinsider.com/ins.js?id=10002512:1)
  handler (https://batdongsan.api.useinsider.com/ins.js?id=10002512:1)
  dispatchEvent (:0)
  dispatch (https://batdongsan.api.useinsider.com/ins.js?id=10002512:1)
  (anonymous function) (https://batdongsan.api.useinsider.com/ins.js?id=10002512:1)
  (anonymous function) (https://batdongsan.api.useinsider.com/ins.js?id=10002512:1)
[INFO  - 2020-04-03T04:20:19.209Z] ShutdownReqHand - _handle - About to shutdown
[INFO  - 2020-04-03T04:21:29.483Z] GhostDriver - Main - running on port 29258
[INFO  - 2020-04-03T04:21:30.039Z] Session [97b02650-7562-11ea-907d-79f0c309fe28] - page.settings - {"XSSAuditingEnabled":false,"javascriptCanCloseWindows":true,"javascriptCanOpenWindows":true,"javascriptEnabled":true,"loadImages":true,"localToRemoteUrlAccessEnabled":false,"userAgent":"Mozilla/5.0 (Unknown; Linux x86_64) AppleWebKit/538.1 (KHTML, like Gecko) PhantomJS/2.1.1 Safari/538.1","webSecurityEnabled":true}
[INFO  - 2020-04-03T04:21:30.039Z] Session [97b02650-7562-11ea-907d-79f0c309fe28] - page.customHeaders:  - {}
[INFO  - 2020-04-03T04:21:30.039Z] Session [97b02650-7562-11ea-907d-79f0c309fe28] - Session.negotiatedCapabilities - {"browserName":"phantomjs","version":"2.1.1","driverName":"ghostdriver","driverVersion":"1.2.0","platform":"linux-unknown-64bit","javascriptEnabled":true,"takesScreenshot":true,"handlesAlerts":false,"databaseEnabled":false,"locationContextEnabled":false,"applicationCacheEnabled":false,"browserConnectionEnabled":false,"cssSelectorsEnabled":true,"webStorageEnabled":false,"rotatable":false,"acceptSslCerts":false,"nativeEvents":true,"proxy":{"proxyType":"direct"}}
[INFO  - 2020-04-03T04:21:30.039Z] SessionManagerReqHand - _postNewSessionCommand - New Session Created: 97b02650-7562-11ea-907d-79f0c309fe28
[ERROR - 2020-04-03T04:21:31.441Z] Session [97b02650-7562-11ea-907d-79f0c309fe28] - page.onError - msg: TypeError: undefined is not an object (evaluating 'navigator.languages.length')
[ERROR - 2020-04-03T04:21:31.442Z] Session [97b02650-7562-11ea-907d-79f0c309fe28] - page.onError - stack:
  Kt (https://stc.za.zaloapp.com/v3/za.js?18355:1)
  Bt (https://stc.za.zaloapp.com/v3/za.js?18355:1)
  (anonymous function) (https://stc.za.zaloapp.com/v3/za.js?18355:1)
  dispatchEvent (:0)
  mn (https://stc.za.zaloapp.com/v3/za.js?18355:1)
  success (https://stc.za.zaloapp.com/v3/za.js?18355:1)
  (anonymous function) (https://stc.za.zaloapp.com/v3/za.js?18355:1)
[ERROR - 2020-04-03T04:21:32.112Z] Session [97b02650-7562-11ea-907d-79f0c309fe28] - page.onError - msg: TypeError: JSON.stringify cannot serialize cyclic structures.
[ERROR - 2020-04-03T04:21:32.112Z] Session [97b02650-7562-11ea-907d-79f0c309fe28] - page.onError - stack:
  stringify (https://sp.zalo.me/plugins/sdk.js:2)
  exports (https://sp.zalo.me/plugins/sdk.js:2)
  value (https://sp.zalo.me/plugins/sdk.js:2)
  (anonymous function) (https://sp.zalo.me/plugins/sdk.js:2)
[ERROR - 2020-04-03T04:21:33.086Z] Session [97b02650-7562-11ea-907d-79f0c309fe28] - page.onError - msg: TypeError: JSON.stringify cannot serialize cyclic structures.
[ERROR - 2020-04-03T04:21:33.086Z] Session [97b02650-7562-11ea-907d-79f0c309fe28] - page.onError - stack:
  stringify (https://sp.zalo.me/plugins/sdk.js:2)
  exports (https://sp.zalo.me/plugins/sdk.js:2)
  value (https://sp.zalo.me/plugins/sdk.js:2)
  (anonymous function) (https://sp.zalo.me/plugins/sdk.js:2)
[INFO  - 2020-04-03T04:21:33.444Z] ShutdownReqHand - _handle - About to shutdown
[INFO  - 2020-04-03T04:23:33.559Z] GhostDriver - Main - running on port 6515
[INFO  - 2020-04-03T04:23:34.117Z] Session [e1a4cc20-7562-11ea-86cc-b399550f2d6b] - page.settings - {"XSSAuditingEnabled":false,"javascriptCanCloseWindows":true,"javascriptCanOpenWindows":true,"javascriptEnabled":true,"loadImages":true,"localToRemoteUrlAccessEnabled":false,"userAgent":"Mozilla/5.0 (Unknown; Linux x86_64) AppleWebKit/538.1 (KHTML, like Gecko) PhantomJS/2.1.1 Safari/538.1","webSecurityEnabled":true}
[INFO  - 2020-04-03T04:23:34.117Z] Session [e1a4cc20-7562-11ea-86cc-b399550f2d6b] - page.customHeaders:  - {}
[INFO  - 2020-04-03T04:23:34.117Z] Session [e1a4cc20-7562-11ea-86cc-b399550f2d6b] - Session.negotiatedCapabilities - {"browserName":"phantomjs","version":"2.1.1","driverName":"ghostdriver","driverVersion":"1.2.0","platform":"linux-unknown-64bit","javascriptEnabled":true,"takesScreenshot":true,"handlesAlerts":false,"databaseEnabled":false,"locationContextEnabled":false,"applicationCacheEnabled":false,"browserConnectionEnabled":false,"cssSelectorsEnabled":true,"webStorageEnabled":false,"rotatable":false,"acceptSslCerts":false,"nativeEvents":true,"proxy":{"proxyType":"direct"}}
[INFO  - 2020-04-03T04:23:34.117Z] SessionManagerReqHand - _postNewSessionCommand - New Session Created: e1a4cc20-7562-11ea-86cc-b399550f2d6b
[ERROR - 2020-04-03T04:23:35.502Z] Session [e1a4cc20-7562-11ea-86cc-b399550f2d6b] - page.onError - msg: TypeError: undefined is not an object (evaluating 'navigator.languages.length')
[ERROR - 2020-04-03T04:23:35.502Z] Session [e1a4cc20-7562-11ea-86cc-b399550f2d6b] - page.onError - stack:
  Kt (https://stc.za.zaloapp.com/v3/za.js?18355:1)
  Bt (https://stc.za.zaloapp.com/v3/za.js?18355:1)
  (anonymous function) (https://stc.za.zaloapp.com/v3/za.js?18355:1)
  dispatchEvent (:0)
  mn (https://stc.za.zaloapp.com/v3/za.js?18355:1)
  success (https://stc.za.zaloapp.com/v3/za.js?18355:1)
  (anonymous function) (https://stc.za.zaloapp.com/v3/za.js?18355:1)
[ERROR - 2020-04-03T04:23:36.201Z] Session [e1a4cc20-7562-11ea-86cc-b399550f2d6b] - page.onError - msg: TypeError: JSON.stringify cannot serialize cyclic structures.
[ERROR - 2020-04-03T04:23:36.201Z] Session [e1a4cc20-7562-11ea-86cc-b399550f2d6b] - page.onError - stack:
  stringify (https://sp.zalo.me/plugins/sdk.js:2)
  exports (https://sp.zalo.me/plugins/sdk.js:2)
  value (https://sp.zalo.me/plugins/sdk.js:2)
  (anonymous function) (https://sp.zalo.me/plugins/sdk.js:2)
[ERROR - 2020-04-03T04:23:37.166Z] Session [e1a4cc20-7562-11ea-86cc-b399550f2d6b] - page.onError - msg: TypeError: JSON.stringify cannot serialize cyclic structures.
[ERROR - 2020-04-03T04:23:37.166Z] Session [e1a4cc20-7562-11ea-86cc-b399550f2d6b] - page.onError - stack:
  stringify (https://sp.zalo.me/plugins/sdk.js:2)
  exports (https://sp.zalo.me/plugins/sdk.js:2)
  value (https://sp.zalo.me/plugins/sdk.js:2)
  (anonymous function) (https://sp.zalo.me/plugins/sdk.js:2)
[INFO  - 2020-04-03T04:23:37.383Z] ShutdownReqHand - _handle - About to shutdown
[INFO  - 2020-04-03T04:36:28.944Z] GhostDriver - Main - running on port 19071
[INFO  - 2020-04-03T04:36:29.492Z] Session [afcda210-7564-11ea-9c48-f1572c510d5e] - page.settings - {"XSSAuditingEnabled":false,"javascriptCanCloseWindows":true,"javascriptCanOpenWindows":true,"javascriptEnabled":true,"loadImages":true,"localToRemoteUrlAccessEnabled":false,"userAgent":"Mozilla/5.0 (Unknown; Linux x86_64) AppleWebKit/538.1 (KHTML, like Gecko) PhantomJS/2.1.1 Safari/538.1","webSecurityEnabled":true}
[INFO  - 2020-04-03T04:36:29.492Z] Session [afcda210-7564-11ea-9c48-f1572c510d5e] - page.customHeaders:  - {}
[INFO  - 2020-04-03T04:36:29.492Z] Session [afcda210-7564-11ea-9c48-f1572c510d5e] - Session.negotiatedCapabilities - {"browserName":"phantomjs","version":"2.1.1","driverName":"ghostdriver","driverVersion":"1.2.0","platform":"linux-unknown-64bit","javascriptEnabled":true,"takesScreenshot":true,"handlesAlerts":false,"databaseEnabled":false,"locationContextEnabled":false,"applicationCacheEnabled":false,"browserConnectionEnabled":false,"cssSelectorsEnabled":true,"webStorageEnabled":false,"rotatable":false,"acceptSslCerts":false,"nativeEvents":true,"proxy":{"proxyType":"direct"}}
[INFO  - 2020-04-03T04:36:29.492Z] SessionManagerReqHand - _postNewSessionCommand - New Session Created: afcda210-7564-11ea-9c48-f1572c510d5e
[INFO  - 2020-04-03T04:36:32.201Z] ShutdownReqHand - _handle - About to shutdown
[INFO  - 2020-04-03T09:53:01.677Z] GhostDriver - Main - running on port 4926
[INFO  - 2020-04-03T09:53:02.197Z] Session [e8564610-7590-11ea-809e-d1dcf352b6da] - page.settings - {"XSSAuditingEnabled":false,"javascriptCanCloseWindows":true,"javascriptCanOpenWindows":true,"javascriptEnabled":true,"loadImages":true,"localToRemoteUrlAccessEnabled":false,"userAgent":"Mozilla/5.0 (Unknown; Linux x86_64) AppleWebKit/538.1 (KHTML, like Gecko) PhantomJS/2.1.1 Safari/538.1","webSecurityEnabled":true}
[INFO  - 2020-04-03T09:53:02.197Z] Session [e8564610-7590-11ea-809e-d1dcf352b6da] - page.customHeaders:  - {}
[INFO  - 2020-04-03T09:53:02.200Z] Session [e8564610-7590-11ea-809e-d1dcf352b6da] - Session.negotiatedCapabilities - {"browserName":"phantomjs","version":"2.1.1","driverName":"ghostdriver","driverVersion":"1.2.0","platform":"linux-unknown-64bit","javascriptEnabled":true,"takesScreenshot":true,"handlesAlerts":false,"databaseEnabled":false,"locationContextEnabled":false,"applicationCacheEnabled":false,"browserConnectionEnabled":false,"cssSelectorsEnabled":true,"webStorageEnabled":false,"rotatable":false,"acceptSslCerts":false,"nativeEvents":true,"proxy":{"proxyType":"direct"}}
[INFO  - 2020-04-03T09:53:02.200Z] SessionManagerReqHand - _postNewSessionCommand - New Session Created: e8564610-7590-11ea-809e-d1dcf352b6da
[INFO  - 2020-04-03T09:53:06.708Z] ShutdownReqHand - _handle - About to shutdown
[INFO  - 2020-04-03T09:53:49.291Z] GhostDriver - Main - running on port 7080
[INFO  - 2020-04-03T09:53:49.919Z] Session [04c839c0-7591-11ea-9b08-c544a4733482] - page.settings - {"XSSAuditingEnabled":false,"javascriptCanCloseWindows":true,"javascriptCanOpenWindows":true,"javascriptEnabled":true,"loadImages":true,"localToRemoteUrlAccessEnabled":false,"userAgent":"Mozilla/5.0 (Unknown; Linux x86_64) AppleWebKit/538.1 (KHTML, like Gecko) PhantomJS/2.1.1 Safari/538.1","webSecurityEnabled":true}
[INFO  - 2020-04-03T09:53:49.919Z] Session [04c839c0-7591-11ea-9b08-c544a4733482] - page.customHeaders:  - {}
[INFO  - 2020-04-03T09:53:49.920Z] Session [04c839c0-7591-11ea-9b08-c544a4733482] - Session.negotiatedCapabilities - {"browserName":"phantomjs","version":"2.1.1","driverName":"ghostdriver","driverVersion":"1.2.0","platform":"linux-unknown-64bit","javascriptEnabled":true,"takesScreenshot":true,"handlesAlerts":false,"databaseEnabled":false,"locationContextEnabled":false,"applicationCacheEnabled":false,"browserConnectionEnabled":false,"cssSelectorsEnabled":true,"webStorageEnabled":false,"rotatable":false,"acceptSslCerts":false,"nativeEvents":true,"proxy":{"proxyType":"direct"}}
[INFO  - 2020-04-03T09:53:49.920Z] SessionManagerReqHand - _postNewSessionCommand - New Session Created: 04c839c0-7591-11ea-9b08-c544a4733482
[INFO  - 2020-04-03T09:53:56.447Z] ShutdownReqHand - _handle - About to shutdown
[INFO  - 2020-04-03T10:04:47.920Z] GhostDriver - Main - running on port 2010
[INFO  - 2020-04-03T10:04:48.479Z] Session [8d50a8d0-7592-11ea-b12c-7da9e8027ac9] - page.settings - {"XSSAuditingEnabled":false,"javascriptCanCloseWindows":true,"javascriptCanOpenWindows":true,"javascriptEnabled":true,"loadImages":true,"localToRemoteUrlAccessEnabled":false,"userAgent":"Mozilla/5.0 (Unknown; Linux x86_64) AppleWebKit/538.1 (KHTML, like Gecko) PhantomJS/2.1.1 Safari/538.1","webSecurityEnabled":true}
[INFO  - 2020-04-03T10:04:48.480Z] Session [8d50a8d0-7592-11ea-b12c-7da9e8027ac9] - page.customHeaders:  - {}
[INFO  - 2020-04-03T10:04:48.480Z] Session [8d50a8d0-7592-11ea-b12c-7da9e8027ac9] - Session.negotiatedCapabilities - {"browserName":"phantomjs","version":"2.1.1","driverName":"ghostdriver","driverVersion":"1.2.0","platform":"linux-unknown-64bit","javascriptEnabled":true,"takesScreenshot":true,"handlesAlerts":false,"databaseEnabled":false,"locationContextEnabled":false,"applicationCacheEnabled":false,"browserConnectionEnabled":false,"cssSelectorsEnabled":true,"webStorageEnabled":false,"rotatable":false,"acceptSslCerts":false,"nativeEvents":true,"proxy":{"proxyType":"direct"}}
[INFO  - 2020-04-03T10:04:48.480Z] SessionManagerReqHand - _postNewSessionCommand - New Session Created: 8d50a8d0-7592-11ea-b12c-7da9e8027ac9
